2020-11-23 20:59:29,812 [      0]   INFO -        #com.intellij.idea.Main - ------------------------------------------------------ IDE STARTED ------------------------------------------------------ 
2020-11-23 20:59:29,843 [     31]   INFO -        #com.intellij.idea.Main - IDE: PyCharm (build #PE-202.7660.53, 27 Oct 2020 19:20) 
2020-11-23 20:59:29,844 [     32]   INFO -        #com.intellij.idea.Main - OS: Linux (5.4.0-53-generic, amd64) 
2020-11-23 20:59:29,844 [     32]   INFO -        #com.intellij.idea.Main - JRE: 11.0.8+10-b944.34 (JetBrains s.r.o.) 
2020-11-23 20:59:29,844 [     32]   INFO -        #com.intellij.idea.Main - JVM: 11.0.8+10-b944.34 (OpenJDK 64-Bit Server VM) 
2020-11-23 20:59:29,845 [     33]   INFO -        #com.intellij.idea.Main - JVM Args: -Xms128m -Xmx750m -XX:ReservedCodeCacheSize=240m -XX:+UseConcMarkSweepGC -XX:SoftRefLRUPolicyMSPerMB=50 -ea -XX:CICompilerCount=2 -Dsun.io.useCanonPrefixCache=false -Djdk.http.auth.tunneling.disabledSchemes="" -XX:+HeapDumpOnOutOfMemoryError -XX:-OmitStackTraceInFastThrow -Djdk.attach.allowAttachSelf=true -Dkotlinx.coroutines.debug=off -Djdk.module.illegalAccess.silent=true -Dawt.useSystemAAFontSettings=lcd -Dsun.java2d.renderer=sun.java2d.marlin.MarlinRenderingEngine -Dsun.tools.attach.tmp.only=true -XX:ErrorFile=/home/aiperi/java_error_in_PYCHARM_%p.log -XX:HeapDumpPath=/home/aiperi/java_error_in_PYCHARM.hprof -Didea.vendor.name=JetBrains -Didea.paths.selector=PyCharmEdu2020.2 -Djb.vmOptionsFile=/home/aiperi/pycharm-edu-2020.2.3/bin/pycharm64.vmoptions -Didea.platform.prefix=PyCharmEdu 
2020-11-23 20:59:29,845 [     33]   INFO -        #com.intellij.idea.Main - library path: /usr/java/packages/lib:/usr/lib64:/lib64:/lib:/usr/lib 
2020-11-23 20:59:29,845 [     33]   INFO -        #com.intellij.idea.Main - boot library path: /home/aiperi/pycharm-edu-2020.2.3/jbr/lib 
2020-11-23 20:59:29,846 [     34]   INFO -        #com.intellij.idea.Main - locale=en_US JNU=UTF-8 file.encoding=UTF-8
  idea.config.path=/home/aiperi/.config/JetBrains/PyCharmEdu2020.2
  idea.system.path=/home/aiperi/.cache/JetBrains/PyCharmEdu2020.2
  idea.plugins.path=/home/aiperi/.local/share/JetBrains/PyCharmEdu2020.2
  idea.log.path=/home/aiperi/.cache/JetBrains/PyCharmEdu2020.2/log 
2020-11-23 20:59:29,876 [     64]   INFO -                         STDERR - Nov 23, 2020 8:59:29 PM java.util.prefs.FileSystemPreferences$1 run 
2020-11-23 20:59:29,877 [     65]   INFO -                         STDERR - INFO: Created user preferences directory. 
2020-11-23 20:59:29,884 [     72]   INFO -                         STDERR - Nov 23, 2020 8:59:29 PM java.util.prefs.FileSystemPreferences$6 run 
2020-11-23 20:59:29,884 [     72]   INFO -                         STDERR - WARNING: Prefs file removed in background /home/aiperi/.java/.userPrefs/prefs.xml 
2020-11-23 20:59:29,905 [     93]   INFO -        #com.intellij.idea.Main - JNA library (64-bit) loaded in 59 ms 
2020-11-23 20:59:32,519 [   2707]   INFO -        #com.intellij.idea.Main - CPU cores: 8; ForkJoinPool.commonPool: java.util.concurrent.ForkJoinPool@14878397[Running, parallelism = 7, size = 0, active = 0, running = 0, steals = 0, tasks = 0, submissions = 0]; factory: com.intellij.concurrency.IdeaForkJoinWorkerThreadFactory@570d7805 
2020-11-23 20:59:32,567 [   2755]   INFO -        #com.intellij.idea.Main - WM detected: GNOME Shell 
2020-11-23 20:59:51,264 [  21452]   INFO -        #com.intellij.idea.Main - Importing configs to /home/aiperi/.config/JetBrains/PyCharmEdu2020.2 
2020-11-23 20:59:51,269 [  21457]   INFO -        #com.intellij.idea.Main - No configs imported, starting with clean configs at /home/aiperi/.config/JetBrains/PyCharmEdu2020.2 
2020-11-23 20:59:51,558 [  21746]   WARN - llij.ide.plugins.PluginManager - Resource bundle redefinition for plugin 'com.jetbrains.pycharm.edu.customization'. Old value: messages.ActionsBundle, new value: messages.PyBundle 
2020-11-23 20:59:51,635 [  21823]   INFO - llij.ide.plugins.PluginManager - Loaded bundled plugins: IDEA CORE (202.7660.53), com.intellij.platform.images (202.7660.53), Subversion (202.7660.53), Mercurial (202.7660.53), Terminal (202.7660.53), Git (202.7660.53), GitHub (202.7660.53), Python Community Edition (202.7660.53), PyCharm Educational Customization (202.7660.53), YAML (202.7660.53), EduTools (4.2-2020.2-1296) 
2020-11-23 20:59:51,780 [  21968]   INFO - m.intellij.util.io.StorageLock - lower=100; upper=500; buffer=10; max=705 
2020-11-23 20:59:51,826 [  22014]   INFO - rnal.statistic.DeviceIdManager - Generating new Device ID 
2020-11-23 20:59:51,830 [  22018]   INFO - eventLog.EventLogConfiguration - Generating salt for the device 
2020-11-23 20:59:51,838 [  22026]   INFO - tellij.util.io.FileChannelUtil - un-interruptible FileChannel-s will be used for indexes 
2020-11-23 20:59:51,890 [  22078]   INFO - com.intellij.ide.ui.UISettings - Loaded: fontSize=13, fontScale=1.0; restored: fontSize=13, fontScale=1.0 
2020-11-23 20:59:51,920 [  22108]   INFO - rains.ide.BuiltInServerManager - built-in server started, port 63342 
2020-11-23 20:59:51,940 [  22128]   INFO - fs.newvfs.persistent.FSRecords - Marking VFS as corrupted: '/home/aiperi/.cache/JetBrains/PyCharmEdu2020.2/caches/names.dat' does not exist 
2020-11-23 20:59:51,966 [  22154]   INFO - .history.utils.LocalHistoryLog - local history version mismatch (was: 0, expected: 6), rebuilding... 
2020-11-23 20:59:51,966 [  22154]   INFO - .history.utils.LocalHistoryLog - FS has been rebuild, rebuilding local history... 
2020-11-23 20:59:52,006 [  22194]   INFO - stubs.SerializationManagerImpl - Name storage is repaired 
2020-11-23 20:59:52,009 [  22197]   INFO - til.net.ssl.CertificateManager - Default SSL context initialized 
2020-11-23 20:59:52,115 [  22303]   INFO - gs.impl.UpdateCheckerComponent - channel: release 
2020-11-23 20:59:52,137 [  22325]   INFO - tellij.ide.SystemHealthMonitor - restored ignored PIPE handler 
2020-11-23 20:59:52,252 [  22440]   WARN - nSystem.impl.ActionManagerImpl - keymap "Visual Studio" not found [Plugin: com.intellij] 
2020-11-23 20:59:52,258 [  22446]   WARN - nSystem.impl.ActionManagerImpl - keymap "Eclipse" not found [Plugin: com.intellij] 
2020-11-23 20:59:52,258 [  22446]   WARN - nSystem.impl.ActionManagerImpl - keymap "NetBeans 6.5" not found [Plugin: com.intellij] 
2020-11-23 20:59:52,258 [  22446]   WARN - nSystem.impl.ActionManagerImpl - keymap "Visual Studio" not found [Plugin: com.intellij] 
2020-11-23 20:59:52,286 [  22474]   WARN - nSystem.impl.ActionManagerImpl - keymap "Eclipse" not found [Plugin: org.jetbrains.plugins.github] 
2020-11-23 20:59:52,286 [  22474]   INFO - il.indexing.FileBasedIndexImpl - Indexes to be rebuilt after corruption:FilenameIndex(v = 3),FrameworkDetectionIndex(v = 0),TodoIndex(v = 4107),IdIndex(v = 4113),filetypes(v = 3),Stubs(v = 46),Trigram.Index(v = 4099),fileIncludes(v = 6),DomFileIndex(v = 56913438),RelaxSymbolIndex(v = 0),XmlTagNames(v = 1),XmlNamespaces(v = 8),html5.custom.attributes.index(v = 1),SchemaTypeInheritance(v = 2),json.file.root.values(v = 5),Py.module.name(v = 0),Py.setuptools.namespace(v = 0),yaml.keys.name(v = 1) 
2020-11-23 20:59:52,291 [  22479]   INFO - leBasedIndexDataInitialization - Initialization done: 397 
2020-11-23 20:59:52,295 [  22483]   WARN - nSystem.impl.ActionManagerImpl - keymap "Eclipse" not found [Plugin: PythonCore] 
2020-11-23 20:59:52,298 [  22486]   WARN - nSystem.impl.ActionManagerImpl - keymap "NetBeans 6.5" not found [Plugin: PythonCore] 
2020-11-23 20:59:52,311 [  22499]   INFO - tellij.psi.stubs.StubIndexImpl - Following stub indices will be built:dom.namespaceKey(v = 1),dom.elementClass(v = 0),Py.class.shortName(v = 2),Py.class.shortNameInsensitive(v = 2),Py.function.shortName(v = 2),Py.class.super(v = 2),Py.variable.shortName(v = 3),Python.Decorator(v = 2),Py.class.attributes(v = 2) 
2020-11-23 20:59:52,311 [  22499]   INFO - exImpl$StubIndexInitialization - Initialization done: 20 
2020-11-23 20:59:52,376 [  22564]   INFO - penapi.application.Experiments - Experimental features enabled for user: wsl.p9.support, wsl.p9.show.roots.in.file.chooser, inline.browse.button, linux.native.menu, recent.and.edited.files.together, show.create.new.element.in.popup, copy.reference.popup, new.large.text.file.viewer, terminal.shell.command.handling 
2020-11-23 20:59:52,383 [  22571]   INFO - penapi.wm.impl.GlobalMenuLinux - can't start main loop via JavaFX (will run it manually): com.sun.javafx.application.PlatformImpl 
2020-11-23 20:59:52,437 [  22625]   INFO - il.indexing.FileBasedIndexImpl - indexes cleared: 
survived indexes: yaml.keys.name, Py.setuptools.namespace, Py.module.name, json.file.root.values, SchemaTypeInheritance, html5.custom.attributes.index, XmlNamespaces, XmlTagNames, RelaxSymbolIndex, DomFileIndex, fileIncludes, Trigram.Index, Stubs, filetypes, IdIndex, TodoIndex, FrameworkDetectionIndex, FilenameIndex 
2020-11-23 20:59:52,437 [  22625]   INFO - il.indexing.FileBasedIndexImpl - scheduleIndexRebuild, reason: File type change 
2020-11-23 21:00:00,261 [  30449]   INFO - ntellij.idea.ApplicationLoader - canDisableInputMethod spent 25 ms, found keyboard layouts: [(kg, xkb), (us, xkb), ], result==true 
2020-11-23 21:04:50,558 [ 320746]   INFO - rationStore.ComponentStoreImpl - Saving appActionMacroManager took 162 ms, CertificateManager took 175 ms, CodeStyleSchemeSettings took 50 ms, DaemonCodeAnalyzerSettings took 248 ms, HttpConfigurable took 58 ms, TemplateSettings took 60 ms, XDebuggerSettings took 24 ms, com.intellij.ide.ui.customization.CustomActionsSchema took 14 ms 
2020-11-23 21:04:51,738 [ 321926]   INFO - mponents.impl.stores.StoreUtil - saveProjectsAndApp took 2332 ms 
2020-11-23 21:06:24,369 [ 414557]   INFO - pl.local.NativeFileWatcherImpl - Starting file watcher: /home/aiperi/pycharm-edu-2020.2.3/bin/fsnotifier64 
2020-11-23 21:06:24,374 [ 414562]   INFO - pl.local.NativeFileWatcherImpl - Native file watcher is operational. 
2020-11-23 21:06:25,674 [ 415862]   WARN - til.ui.update.LazyUiDisposable - use application as a parent disposable 
2020-11-23 21:06:25,675 [ 415863]   WARN - til.ui.update.LazyUiDisposable - use application as a parent disposable 
2020-11-23 21:06:46,074 [ 436262]   INFO - BridgeProjectLifecycleListener - Using legacy project model to open project 
2020-11-23 21:06:46,559 [ 436747]   INFO - rojectCodeStyleSettingsManager - Initialized from default code style settings. 
2020-11-23 21:06:47,216 [ 437404]   INFO - penapi.wm.impl.GlobalMenuLinux - created instance of GlobalMenuLinux for xid=0x5600153 
2020-11-23 21:06:50,616 [ 440804]   INFO - j.ide.script.IdeStartupScripts - 0 startup script(s) found 
2020-11-23 21:06:51,861 [ 442049]   INFO - packaging.PyPackageManagerImpl - Running packaging tool: /usr/bin/python3.8 /home/aiperi/pycharm-edu-2020.2.3/plugins/python-ce/helpers/packaging_tool.py pyvenv /home/aiperi/PycharmProjects/pythonProject/venv 
2020-11-23 21:06:52,647 [ 442835]   INFO - ge.ExternalProjectsDataStorage - Load external projects data in 60 millis (read time: 24) 
2020-11-23 21:06:53,050 [ 443238]   INFO - .diagnostic.PerformanceWatcher - Post-startup activities under progress took 2195ms; general responsiveness: ok; EDT responsiveness: 0/2 sluggish, 1/2 very slow 
2020-11-23 21:06:56,037 [ 446225]   INFO - packaging.PyPackageManagerImpl - Running packaging tool: /home/aiperi/PycharmProjects/pythonProject/venv/bin/python /home/aiperi/pycharm-edu-2020.2.3/plugins/python-ce/helpers/pip-20.1.1-py2.py3-none-any.whl/pip install --upgrade --force-reinstall setuptools pip 
2020-11-23 21:06:56,038 [ 446226]   INFO - .intellij.util.EnvironmentUtil - loading shell env: /bin/bash -c . '/home/aiperi/PycharmProjects/pythonProject/venv/bin/activate';'/home/aiperi/pycharm-edu-2020.2.3/bin/printenv.py' '/tmp/intellij-shell-env.11785935288323398173.tmp' 
2020-11-23 21:06:56,056 [ 446244]   INFO - .intellij.util.EnvironmentUtil - shell environment loaded (58 vars) 
2020-11-23 21:06:57,044 [ 447232]   INFO - g.FileBasedIndexProjectHandler - Reindexing refreshed files: 472 to update, calculated in 104ms 
2020-11-23 21:06:57,069 [ 447257]   INFO - g.FileBasedIndexProjectHandler - Using 4 threads for indexing 
2020-11-23 21:06:58,008 [ 448196]   INFO - ndex.PrebuiltIndexProviderBase - Using prebuilt id-index from /home/aiperi/.cache/JetBrains/PyCharmEdu2020.2/index/.persistent/prebuilt/Python/id-index.input 
2020-11-23 21:06:58,943 [ 449131]   INFO - gnostic.MemorySizeConfigurator - Physical memory 7911M, minimum memory size 128M, -Xmx adjusted from 750M to 988M 
2020-11-23 21:06:59,415 [ 449603]   INFO - ndex.PrebuiltIndexProviderBase - Using prebuilt sdk-stubs from /home/aiperi/.cache/JetBrains/PyCharmEdu2020.2/index/.persistent/prebuilt/Python/sdk-stubs.input 
2020-11-23 21:07:01,410 [ 451598]   WARN - pl.local.NativeFileWatcherImpl - Watcher terminated with exit code 3 
2020-11-23 21:07:01,410 [ 451598]   INFO - pl.local.NativeFileWatcherImpl - Starting file watcher: /home/aiperi/pycharm-edu-2020.2.3/bin/fsnotifier64 
2020-11-23 21:07:02,250 [ 452438]   WARN - pl.local.NativeFileWatcherImpl - Watcher terminated with exit code 3 
2020-11-23 21:07:02,250 [ 452438]   INFO - pl.local.NativeFileWatcherImpl - Starting file watcher: /home/aiperi/pycharm-edu-2020.2.3/bin/fsnotifier64 
2020-11-23 21:07:02,762 [ 452950]   INFO - .diagnostic.PerformanceWatcher - Reindexing refreshed files took 5718ms; general responsiveness: ok; EDT responsiveness: ok 
2020-11-23 21:07:02,763 [ 452951]   INFO - g.FileBasedIndexProjectHandler - Reindexing refreshed files: 145 to update, calculated in 1ms 
2020-11-23 21:07:02,764 [ 452952]   INFO - g.FileBasedIndexProjectHandler - Using 4 threads for indexing 
2020-11-23 21:07:02,768 [ 452956]   INFO - .diagnostic.PerformanceWatcher - Reindexing refreshed files took 5ms; general responsiveness: ok; EDT responsiveness: ok 
2020-11-23 21:07:05,020 [ 455208]   INFO - python.packaging.PyPackageUtil - Refreshing installed packages for SDK /home/aiperi/PycharmProjects/pythonProject/venv/bin/python 
2020-11-23 21:07:05,021 [ 455209]   INFO - packaging.PyPackageManagerImpl - Running packaging tool: /home/aiperi/PycharmProjects/pythonProject/venv/bin/python /home/aiperi/pycharm-edu-2020.2.3/plugins/python-ce/helpers/packaging_tool.py list 
2020-11-23 21:07:05,303 [ 455491]   INFO - .intellij.util.EnvironmentUtil - loading shell env: /bin/bash -c . '/home/aiperi/PycharmProjects/pythonProject/venv/bin/activate';'/home/aiperi/pycharm-edu-2020.2.3/bin/printenv.py' '/tmp/intellij-shell-env.7664636133626902882.tmp' 
2020-11-23 21:07:05,328 [ 455516]   INFO - .intellij.util.EnvironmentUtil - shell environment loaded (58 vars) 
2020-11-23 21:07:05,396 [ 455584]   INFO - ns.python.sdk.PythonSdkUpdater - Updating sys.path took 75 ms 
2020-11-23 21:07:05,399 [ 455587]   INFO - ns.python.sdk.PythonSdkUpdater - Bogus sys.path entry /usr/lib/python38.zip 
2020-11-23 21:07:05,408 [ 455596]   INFO - ns.python.sdk.PythonSdkUpdater - Binary skeletons directory for SDK Python 3.8 (pythonProject) (/home/aiperi/PycharmProjects/pythonProject/venv/bin/python)): /home/aiperi/.cache/JetBrains/PyCharmEdu2020.2/python_stubs/746295305 
2020-11-23 21:07:05,411 [ 455599]   INFO - ns.python.sdk.PythonSdkUpdater - User skeletons directory for SDK Python 3.8 (pythonProject) (/home/aiperi/PycharmProjects/pythonProject/venv/bin/python)): /home/aiperi/pycharm-edu-2020.2.3/plugins/python-ce/helpers/python-skeletons 
2020-11-23 21:07:05,529 [ 455717]   INFO - pl.ProjectRootManagerComponent - project roots have changed (trace_hash = 1682014540) 
java.lang.Throwable
	at com.intellij.openapi.roots.impl.ProjectRootManagerComponent.synchronizeRoots(ProjectRootManagerComponent.java:306)
	at com.intellij.openapi.roots.impl.ProjectRootManagerComponent.fireRootsChangedEvent(ProjectRootManagerComponent.java:210)
	at com.intellij.openapi.roots.impl.ProjectRootManagerImpl.fireRootsChanged(ProjectRootManagerImpl.java:428)
	at com.intellij.openapi.roots.impl.ProjectRootManagerImpl.access$200(ProjectRootManagerImpl.java:37)
	at com.intellij.openapi.roots.impl.ProjectRootManagerImpl$BatchSession.rootsChanged(ProjectRootManagerImpl.java:96)
	at com.intellij.openapi.roots.impl.ProjectRootManagerImpl.makeRootsChange(ProjectRootManagerImpl.java:371)
	at com.intellij.openapi.module.impl.ModuleManagerImpl.commitModel(ModuleManagerImpl.java:1028)
	at com.intellij.openapi.module.impl.ModuleManagerImpl.access$1600(ModuleManagerImpl.java:72)
	at com.intellij.openapi.module.impl.ModuleManagerImpl$ModuleModelImpl.commitWithRunnable(ModuleManagerImpl.java:928)
	at com.intellij.openapi.module.impl.ModuleManagerImpl$ModuleModelImpl.access$1200(ModuleManagerImpl.java:693)
	at com.intellij.openapi.module.impl.ModuleManagerImpl.commitModelWithRunnable(ModuleManagerImpl.java:680)
	at com.intellij.openapi.roots.impl.ModifiableModelCommitterServiceImpl.multiCommit(ModifiableModelCommitterServiceImpl.java:34)
	at com.intellij.openapi.roots.impl.ModifiableModelCommitter.multiCommit(ModifiableModelCommitter.java:20)
	at com.intellij.openapi.roots.impl.ModuleRootManagerImpl.commitModel(ModuleRootManagerImpl.java:182)
	at com.intellij.openapi.roots.impl.RootModelImpl.commit(RootModelImpl.java:378)
	at com.jetbrains.python.sdk.PySdkExtKt$excludeInnerVirtualEnv$1.run(PySdkExt.kt:237)
	at com.intellij.openapi.application.WriteAction.run(WriteAction.java:102)
	at com.jetbrains.python.sdk.PySdkExtKt.excludeInnerVirtualEnv(PySdkExt.kt:236)
	at com.jetbrains.python.sdk.add.PyAddNewVirtualEnvPanel.getOrCreateSdk(PyAddNewVirtualEnvPanel.kt:95)
	at com.jetbrains.python.newProject.steps.PyAddNewEnvironmentPanel.getOrCreateSdk(PyAddNewEnvironmentPanel.kt:80)
	at com.jetbrains.python.sdk.PyLazySdk.create(PyLazySdk.kt:26)
	at com.jetbrains.python.newProject.PythonProjectGenerator.generateProject(PythonProjectGenerator.java:173)
	at com.jetbrains.python.newProject.PythonProjectGenerator.generateProject(PythonProjectGenerator.java:88)
	at com.intellij.ide.util.projectWizard.AbstractNewProjectStep.doGenerateProject(AbstractNewProjectStep.java:219)
	at com.jetbrains.python.newProject.steps.PythonGenerateProjectCallback.generateProject(PythonGenerateProjectCallback.java:79)
	at com.jetbrains.python.newProject.steps.PythonGenerateProjectCallback.consume(PythonGenerateProjectCallback.java:57)
	at com.intellij.ide.util.projectWizard.ProjectSettingsStepBase$1.actionPerformed(ProjectSettingsStepBase.java:138)
	at java.desktop/javax.swing.AbstractButton.fireActionPerformed(AbstractButton.java:1967)
	at java.desktop/javax.swing.AbstractButton$Handler.actionPerformed(AbstractButton.java:2308)
	at java.desktop/javax.swing.DefaultButtonModel.fireActionPerformed(DefaultButtonModel.java:405)
	at java.desktop/javax.swing.DefaultButtonModel.setPressed(DefaultButtonModel.java:262)
	at java.desktop/javax.swing.plaf.basic.BasicButtonListener.mouseReleased(BasicButtonListener.java:270)
	at java.desktop/java.awt.Component.processMouseEvent(Component.java:6654)
	at java.desktop/javax.swing.JComponent.processMouseEvent(JComponent.java:3345)
	at java.desktop/java.awt.Component.processEvent(Component.java:6419)
	at java.desktop/java.awt.Container.processEvent(Container.java:2263)
	at java.desktop/java.awt.Component.dispatchEventImpl(Component.java:5029)
	at java.desktop/java.awt.Container.dispatchEventImpl(Container.java:2321)
	at java.desktop/java.awt.Component.dispatchEvent(Component.java:4861)
	at java.desktop/java.awt.LightweightDispatcher.retargetMouseEvent(Container.java:4918)
	at java.desktop/java.awt.LightweightDispatcher.processMouseEvent(Container.java:4547)
	at java.desktop/java.awt.LightweightDispatcher.dispatchEvent(Container.java:4488)
	at java.desktop/java.awt.Container.dispatchEventImpl(Container.java:2307)
	at java.desktop/java.awt.Window.dispatchEventImpl(Window.java:2773)
	at java.desktop/java.awt.Component.dispatchEvent(Component.java:4861)
	at java.desktop/java.awt.EventQueue.dispatchEventImpl(EventQueue.java:778)
	at java.desktop/java.awt.EventQueue$4.run(EventQueue.java:727)
	at java.desktop/java.awt.EventQueue$4.run(EventQueue.java:721)
	at java.base/java.security.AccessController.doPrivileged(Native Method)
	at java.base/java.security.ProtectionDomain$JavaSecurityAccessImpl.doIntersectionPrivilege(ProtectionDomain.java:85)
	at java.base/java.security.ProtectionDomain$JavaSecurityAccessImpl.doIntersectionPrivilege(ProtectionDomain.java:95)
	at java.desktop/java.awt.EventQueue$5.run(EventQueue.java:751)
	at java.desktop/java.awt.EventQueue$5.run(EventQueue.java:749)
	at java.base/java.security.AccessController.doPrivileged(Native Method)
	at java.base/java.security.ProtectionDomain$JavaSecurityAccessImpl.doIntersectionPrivilege(ProtectionDomain.java:85)
	at java.desktop/java.awt.EventQueue.dispatchEvent(EventQueue.java:748)
	at com.intellij.ide.IdeEventQueue.defaultDispatchEvent(IdeEventQueue.java:971)
	at com.intellij.ide.IdeEventQueue.dispatchMouseEvent(IdeEventQueue.java:906)
	at com.intellij.ide.IdeEventQueue._dispatchEvent(IdeEventQueue.java:838)
	at com.intellij.ide.IdeEventQueue.lambda$dispatchEvent$8(IdeEventQueue.java:452)
	at com.intellij.openapi.progress.impl.CoreProgressManager.computePrioritized(CoreProgressManager.java:744)
	at com.intellij.ide.IdeEventQueue.lambda$dispatchEvent$9(IdeEventQueue.java:451)
	at com.intellij.openapi.application.impl.ApplicationImpl.runIntendedWriteActionOnCurrentThread(ApplicationImpl.java:802)
	at com.intellij.ide.IdeEventQueue.dispatchEvent(IdeEventQueue.java:505)
	at java.desktop/java.awt.EventDispatchThread.pumpOneEventForFilters(EventDispatchThread.java:203)
	at java.desktop/java.awt.EventDispatchThread.pumpEventsForFilter(EventDispatchThread.java:124)
	at java.desktop/java.awt.EventDispatchThread.pumpEventsForHierarchy(EventDispatchThread.java:113)
	at java.desktop/java.awt.EventDispatchThread.pumpEvents(EventDispatchThread.java:109)
	at java.desktop/java.awt.EventDispatchThread.pumpEvents(EventDispatchThread.java:101)
	at java.desktop/java.awt.EventDispatchThread.run(EventDispatchThread.java:90)
2020-11-23 21:07:05,558 [ 455746]   INFO - pl.ProjectRootManagerComponent - project roots have changed (trace_hash = 212992143) 
java.lang.Throwable
	at com.intellij.openapi.roots.impl.ProjectRootManagerComponent.synchronizeRoots(ProjectRootManagerComponent.java:306)
	at com.intellij.openapi.roots.impl.ProjectRootManagerComponent.fireRootsChangedEvent(ProjectRootManagerComponent.java:210)
	at com.intellij.openapi.roots.impl.ProjectRootManagerImpl.fireRootsChanged(ProjectRootManagerImpl.java:428)
	at com.intellij.openapi.roots.impl.ProjectRootManagerImpl.access$200(ProjectRootManagerImpl.java:37)
	at com.intellij.openapi.roots.impl.ProjectRootManagerImpl$BatchSession.rootsChanged(ProjectRootManagerImpl.java:96)
	at com.intellij.openapi.roots.impl.ProjectRootManagerImpl.makeRootsChange(ProjectRootManagerImpl.java:371)
	at com.intellij.openapi.module.impl.ModuleManagerImpl.commitModel(ModuleManagerImpl.java:1028)
	at com.intellij.openapi.module.impl.ModuleManagerImpl.access$1600(ModuleManagerImpl.java:72)
	at com.intellij.openapi.module.impl.ModuleManagerImpl$ModuleModelImpl.commitWithRunnable(ModuleManagerImpl.java:928)
	at com.intellij.openapi.module.impl.ModuleManagerImpl$ModuleModelImpl.access$1200(ModuleManagerImpl.java:693)
	at com.intellij.openapi.module.impl.ModuleManagerImpl.commitModelWithRunnable(ModuleManagerImpl.java:680)
	at com.intellij.openapi.roots.impl.ModifiableModelCommitterServiceImpl.multiCommit(ModifiableModelCommitterServiceImpl.java:34)
	at com.intellij.openapi.roots.impl.ModifiableModelCommitter.multiCommit(ModifiableModelCommitter.java:20)
	at com.intellij.openapi.roots.impl.ModuleRootManagerImpl.commitModel(ModuleRootManagerImpl.java:182)
	at com.intellij.openapi.roots.impl.RootModelImpl.commit(RootModelImpl.java:378)
	at com.intellij.openapi.application.WriteAction.run(WriteAction.java:102)
	at com.intellij.openapi.roots.ModuleRootModificationUtil.lambda$modifyModel$10(ModuleRootModificationUtil.java:137)
	at com.intellij.openapi.application.impl.ApplicationImpl.invokeAndWait(ApplicationImpl.java:462)
	at com.intellij.openapi.application.impl.ApplicationImpl.invokeAndWait(ApplicationImpl.java:480)
	at com.intellij.openapi.roots.ModuleRootModificationUtil.modifyModel(ModuleRootModificationUtil.java:135)
	at com.intellij.openapi.roots.ModuleRootModificationUtil.updateModel(ModuleRootModificationUtil.java:125)
	at com.intellij.openapi.roots.ModuleRootModificationUtil.setModuleSdk(ModuleRootModificationUtil.java:105)
	at com.jetbrains.python.sdk.PySdkExtKt.setPythonSdk(PySdkExt.kt:198)
	at com.jetbrains.python.newProject.steps.PythonBaseProjectGenerator.configureProject(PythonBaseProjectGenerator.java:58)
	at com.jetbrains.python.newProject.PythonProjectGenerator.generateProject(PythonProjectGenerator.java:206)
	at com.jetbrains.python.newProject.PythonProjectGenerator.generateProject(PythonProjectGenerator.java:88)
	at com.intellij.ide.util.projectWizard.AbstractNewProjectStep.doGenerateProject(AbstractNewProjectStep.java:219)
	at com.jetbrains.python.newProject.steps.PythonGenerateProjectCallback.generateProject(PythonGenerateProjectCallback.java:79)
	at com.jetbrains.python.newProject.steps.PythonGenerateProjectCallback.consume(PythonGenerateProjectCallback.java:57)
	at com.intellij.ide.util.projectWizard.ProjectSettingsStepBase$1.actionPerformed(ProjectSettingsStepBase.java:138)
	at java.desktop/javax.swing.AbstractButton.fireActionPerformed(AbstractButton.java:1967)
	at java.desktop/javax.swing.AbstractButton$Handler.actionPerformed(AbstractButton.java:2308)
	at java.desktop/javax.swing.DefaultButtonModel.fireActionPerformed(DefaultButtonModel.java:405)
	at java.desktop/javax.swing.DefaultButtonModel.setPressed(DefaultButtonModel.java:262)
	at java.desktop/javax.swing.plaf.basic.BasicButtonListener.mouseReleased(BasicButtonListener.java:270)
	at java.desktop/java.awt.Component.processMouseEvent(Component.java:6654)
	at java.desktop/javax.swing.JComponent.processMouseEvent(JComponent.java:3345)
	at java.desktop/java.awt.Component.processEvent(Component.java:6419)
	at java.desktop/java.awt.Container.processEvent(Container.java:2263)
	at java.desktop/java.awt.Component.dispatchEventImpl(Component.java:5029)
	at java.desktop/java.awt.Container.dispatchEventImpl(Container.java:2321)
	at java.desktop/java.awt.Component.dispatchEvent(Component.java:4861)
	at java.desktop/java.awt.LightweightDispatcher.retargetMouseEvent(Container.java:4918)
	at java.desktop/java.awt.LightweightDispatcher.processMouseEvent(Container.java:4547)
	at java.desktop/java.awt.LightweightDispatcher.dispatchEvent(Container.java:4488)
	at java.desktop/java.awt.Container.dispatchEventImpl(Container.java:2307)
	at java.desktop/java.awt.Window.dispatchEventImpl(Window.java:2773)
	at java.desktop/java.awt.Component.dispatchEvent(Component.java:4861)
	at java.desktop/java.awt.EventQueue.dispatchEventImpl(EventQueue.java:778)
	at java.desktop/java.awt.EventQueue$4.run(EventQueue.java:727)
	at java.desktop/java.awt.EventQueue$4.run(EventQueue.java:721)
	at java.base/java.security.AccessController.doPrivileged(Native Method)
	at java.base/java.security.ProtectionDomain$JavaSecurityAccessImpl.doIntersectionPrivilege(ProtectionDomain.java:85)
	at java.base/java.security.ProtectionDomain$JavaSecurityAccessImpl.doIntersectionPrivilege(ProtectionDomain.java:95)
	at java.desktop/java.awt.EventQueue$5.run(EventQueue.java:751)
	at java.desktop/java.awt.EventQueue$5.run(EventQueue.java:749)
	at java.base/java.security.AccessController.doPrivileged(Native Method)
	at java.base/java.security.ProtectionDomain$JavaSecurityAccessImpl.doIntersectionPrivilege(ProtectionDomain.java:85)
	at java.desktop/java.awt.EventQueue.dispatchEvent(EventQueue.java:748)
	at com.intellij.ide.IdeEventQueue.defaultDispatchEvent(IdeEventQueue.java:971)
	at com.intellij.ide.IdeEventQueue.dispatchMouseEvent(IdeEventQueue.java:906)
	at com.intellij.ide.IdeEventQueue._dispatchEvent(IdeEventQueue.java:838)
	at com.intellij.ide.IdeEventQueue.lambda$dispatchEvent$8(IdeEventQueue.java:452)
	at com.intellij.openapi.progress.impl.CoreProgressManager.computePrioritized(CoreProgressManager.java:744)
	at com.intellij.ide.IdeEventQueue.lambda$dispatchEvent$9(IdeEventQueue.java:451)
	at com.intellij.openapi.application.impl.ApplicationImpl.runIntendedWriteActionOnCurrentThread(ApplicationImpl.java:802)
	at com.intellij.ide.IdeEventQueue.dispatchEvent(IdeEventQueue.java:505)
	at java.desktop/java.awt.EventDispatchThread.pumpOneEventForFilters(EventDispatchThread.java:203)
	at java.desktop/java.awt.EventDispatchThread.pumpEventsForFilter(EventDispatchThread.java:124)
	at java.desktop/java.awt.EventDispatchThread.pumpEventsForHierarchy(EventDispatchThread.java:113)
	at java.desktop/java.awt.EventDispatchThread.pumpEvents(EventDispatchThread.java:109)
	at java.desktop/java.awt.EventDispatchThread.pumpEvents(EventDispatchThread.java:101)
	at java.desktop/java.awt.EventDispatchThread.run(EventDispatchThread.java:90)
2020-11-23 21:07:05,591 [ 455779]   INFO - pl.ProjectRootManagerComponent - project roots have changed (trace_hash = -1203569135) 
java.lang.Throwable
	at com.intellij.openapi.roots.impl.ProjectRootManagerComponent.synchronizeRoots(ProjectRootManagerComponent.java:306)
	at com.intellij.openapi.roots.impl.ProjectRootManagerComponent.fireRootsChangedEvent(ProjectRootManagerComponent.java:210)
	at com.intellij.openapi.roots.impl.ProjectRootManagerImpl.fireRootsChanged(ProjectRootManagerImpl.java:428)
	at com.intellij.openapi.roots.impl.ProjectRootManagerImpl.access$200(ProjectRootManagerImpl.java:37)
	at com.intellij.openapi.roots.impl.ProjectRootManagerImpl$BatchSession.rootsChanged(ProjectRootManagerImpl.java:96)
	at com.intellij.openapi.roots.impl.ProjectRootManagerImpl.makeRootsChange(ProjectRootManagerImpl.java:371)
	at com.intellij.openapi.module.impl.ModuleManagerImpl.commitModel(ModuleManagerImpl.java:1028)
	at com.intellij.openapi.module.impl.ModuleManagerImpl.access$1600(ModuleManagerImpl.java:72)
	at com.intellij.openapi.module.impl.ModuleManagerImpl$ModuleModelImpl.commitWithRunnable(ModuleManagerImpl.java:928)
	at com.intellij.openapi.module.impl.ModuleManagerImpl$ModuleModelImpl.access$1200(ModuleManagerImpl.java:693)
	at com.intellij.openapi.module.impl.ModuleManagerImpl.commitModelWithRunnable(ModuleManagerImpl.java:680)
	at com.intellij.openapi.roots.impl.ModifiableModelCommitterServiceImpl.multiCommit(ModifiableModelCommitterServiceImpl.java:34)
	at com.intellij.openapi.roots.impl.ModifiableModelCommitter.multiCommit(ModifiableModelCommitter.java:20)
	at com.intellij.openapi.roots.impl.ModuleRootManagerImpl.commitModel(ModuleRootManagerImpl.java:182)
	at com.intellij.openapi.roots.impl.RootModelImpl.commit(RootModelImpl.java:378)
	at com.intellij.openapi.application.WriteAction.run(WriteAction.java:102)
	at com.intellij.openapi.roots.ModuleRootModificationUtil.lambda$modifyModel$10(ModuleRootModificationUtil.java:137)
	at com.intellij.openapi.application.impl.ApplicationImpl.invokeAndWait(ApplicationImpl.java:462)
	at com.intellij.openapi.application.impl.ApplicationImpl.invokeAndWait(ApplicationImpl.java:480)
	at com.intellij.openapi.roots.ModuleRootModificationUtil.modifyModel(ModuleRootModificationUtil.java:135)
	at com.intellij.openapi.roots.ModuleRootModificationUtil.updateModel(ModuleRootModificationUtil.java:125)
	at com.intellij.openapi.roots.ModuleRootModificationUtil.setSdkInherited(ModuleRootModificationUtil.java:109)
	at com.intellij.openapi.projectRoots.impl.SdkConfigurationUtil.lambda$setDirectoryProjectSdk$2(SdkConfigurationUtil.java:198)
	at com.intellij.openapi.application.impl.ApplicationImpl.runWriteAction(ApplicationImpl.java:980)
	at com.intellij.openapi.projectRoots.impl.SdkConfigurationUtil.setDirectoryProjectSdk(SdkConfigurationUtil.java:194)
	at com.jetbrains.python.newProject.steps.PythonGenerateProjectCallback.consume(PythonGenerateProjectCallback.java:69)
	at com.intellij.ide.util.projectWizard.ProjectSettingsStepBase$1.actionPerformed(ProjectSettingsStepBase.java:138)
	at java.desktop/javax.swing.AbstractButton.fireActionPerformed(AbstractButton.java:1967)
	at java.desktop/javax.swing.AbstractButton$Handler.actionPerformed(AbstractButton.java:2308)
	at java.desktop/javax.swing.DefaultButtonModel.fireActionPerformed(DefaultButtonModel.java:405)
	at java.desktop/javax.swing.DefaultButtonModel.setPressed(DefaultButtonModel.java:262)
	at java.desktop/javax.swing.plaf.basic.BasicButtonListener.mouseReleased(BasicButtonListener.java:270)
	at java.desktop/java.awt.Component.processMouseEvent(Component.java:6654)
	at java.desktop/javax.swing.JComponent.processMouseEvent(JComponent.java:3345)
	at java.desktop/java.awt.Component.processEvent(Component.java:6419)
	at java.desktop/java.awt.Container.processEvent(Container.java:2263)
	at java.desktop/java.awt.Component.dispatchEventImpl(Component.java:5029)
	at java.desktop/java.awt.Container.dispatchEventImpl(Container.java:2321)
	at java.desktop/java.awt.Component.dispatchEvent(Component.java:4861)
	at java.desktop/java.awt.LightweightDispatcher.retargetMouseEvent(Container.java:4918)
	at java.desktop/java.awt.LightweightDispatcher.processMouseEvent(Container.java:4547)
	at java.desktop/java.awt.LightweightDispatcher.dispatchEvent(Container.java:4488)
	at java.desktop/java.awt.Container.dispatchEventImpl(Container.java:2307)
	at java.desktop/java.awt.Window.dispatchEventImpl(Window.java:2773)
	at java.desktop/java.awt.Component.dispatchEvent(Component.java:4861)
	at java.desktop/java.awt.EventQueue.dispatchEventImpl(EventQueue.java:778)
	at java.desktop/java.awt.EventQueue$4.run(EventQueue.java:727)
	at java.desktop/java.awt.EventQueue$4.run(EventQueue.java:721)
	at java.base/java.security.AccessController.doPrivileged(Native Method)
	at java.base/java.security.ProtectionDomain$JavaSecurityAccessImpl.doIntersectionPrivilege(ProtectionDomain.java:85)
	at java.base/java.security.ProtectionDomain$JavaSecurityAccessImpl.doIntersectionPrivilege(ProtectionDomain.java:95)
	at java.desktop/java.awt.EventQueue$5.run(EventQueue.java:751)
	at java.desktop/java.awt.EventQueue$5.run(EventQueue.java:749)
	at java.base/java.security.AccessController.doPrivileged(Native Method)
	at java.base/java.security.ProtectionDomain$JavaSecurityAccessImpl.doIntersectionPrivilege(ProtectionDomain.java:85)
	at java.desktop/java.awt.EventQueue.dispatchEvent(EventQueue.java:748)
	at com.intellij.ide.IdeEventQueue.defaultDispatchEvent(IdeEventQueue.java:971)
	at com.intellij.ide.IdeEventQueue.dispatchMouseEvent(IdeEventQueue.java:906)
	at com.intellij.ide.IdeEventQueue._dispatchEvent(IdeEventQueue.java:838)
	at com.intellij.ide.IdeEventQueue.lambda$dispatchEvent$8(IdeEventQueue.java:452)
	at com.intellij.openapi.progress.impl.CoreProgressManager.computePrioritized(CoreProgressManager.java:744)
	at com.intellij.ide.IdeEventQueue.lambda$dispatchEvent$9(IdeEventQueue.java:451)
	at com.intellij.openapi.application.impl.ApplicationImpl.runIntendedWriteActionOnCurrentThread(ApplicationImpl.java:802)
	at com.intellij.ide.IdeEventQueue.dispatchEvent(IdeEventQueue.java:505)
	at java.desktop/java.awt.EventDispatchThread.pumpOneEventForFilters(EventDispatchThread.java:203)
	at java.desktop/java.awt.EventDispatchThread.pumpEventsForFilter(EventDispatchThread.java:124)
	at java.desktop/java.awt.EventDispatchThread.pumpEventsForHierarchy(EventDispatchThread.java:113)
	at java.desktop/java.awt.EventDispatchThread.pumpEvents(EventDispatchThread.java:109)
	at java.desktop/java.awt.EventDispatchThread.pumpEvents(EventDispatchThread.java:101)
	at java.desktop/java.awt.EventDispatchThread.run(EventDispatchThread.java:90)
2020-11-23 21:07:06,196 [ 456384]   INFO - ns.python.sdk.PythonSdkUpdater - Updating sys.path took 22 ms 
2020-11-23 21:07:06,200 [ 456388]   INFO - ns.python.sdk.PythonSdkUpdater - Performing background update of skeletons for SDK Python 3.8 (pythonProject) (/home/aiperi/PycharmProjects/pythonProject/venv/bin/python) 
2020-11-23 21:07:06,201 [ 456389]   INFO - ns.python.sdk.PythonSdkUpdater - Bogus sys.path entry /usr/lib/python38.zip 
2020-11-23 21:07:06,203 [ 456391]   INFO - .skeletons.PySkeletonRefresher - Refreshing skeletons for /home/aiperi/PycharmProjects/pythonProject/venv/bin/python 
2020-11-23 21:07:06,204 [ 456392]   INFO - ns.python.sdk.PythonSdkUpdater - Binary skeletons directory for SDK Python 3.8 (pythonProject) (/home/aiperi/PycharmProjects/pythonProject/venv/bin/python)): /home/aiperi/.cache/JetBrains/PyCharmEdu2020.2/python_stubs/746295305 
2020-11-23 21:07:06,204 [ 456392]   INFO - ns.python.sdk.PythonSdkUpdater - User skeletons directory for SDK Python 3.8 (pythonProject) (/home/aiperi/PycharmProjects/pythonProject/venv/bin/python)): /home/aiperi/pycharm-edu-2020.2.3/plugins/python-ce/helpers/python-skeletons 
2020-11-23 21:07:06,238 [ 456426]   INFO - tPregeneratedSkeletonsProvider - Home path is /home/aiperi/pycharm-edu-2020.2.3 
2020-11-23 21:07:06,245 [ 456433]   INFO - letons.PySkeletonGenerator$Run - /home/aiperi/PycharmProjects/pythonProject/venv/bin/python /home/aiperi/pycharm-edu-2020.2.3/plugins/python-ce/helpers/generator3/__main__.py -d /home/aiperi/.cache/JetBrains/PyCharmEdu2020.2/python_stubs/746295305/ -s /usr/lib/python3.8:/usr/lib/python3.8/lib-dynload:/home/aiperi/PycharmProjects/pythonProject/venv/lib/python3.8/site-packages:/home/aiperi/pycharm-edu-2020.2.3/plugins/python-ce/helpers/typeshed/stdlib/3.7:/home/aiperi/pycharm-edu-2020.2.3/plugins/python-ce/helpers/typeshed/stdlib/3:/home/aiperi/pycharm-edu-2020.2.3/plugins/python-ce/helpers/typeshed/stdlib/2and3:/home/aiperi/pycharm-edu-2020.2.3/plugins/python-ce/helpers/typeshed/third_party/3:/home/aiperi/pycharm-edu-2020.2.3/plugins/python-ce/helpers/typeshed/third_party/2and3 
2020-11-23 21:07:06,249 [ 456437]   INFO - tor.impl.FileEditorManagerImpl - Project opening took 20387 ms 
2020-11-23 21:07:06,527 [ 456715]   INFO - letons.PySkeletonGenerator$Run - _abc ('built-in') 
2020-11-23 21:07:06,662 [ 456850]   INFO - letons.PySkeletonGenerator$Run - Updating cache for _abc at '/home/aiperi/.cache/JetBrains/PyCharmEdu2020.2/python_stubs/cache/190807b32617bf03e3be53d24a0531c4a707a1e9d1dd78bf4bf503436e4eaca5' 
2020-11-23 21:07:06,829 [ 457017]   INFO - letons.PySkeletonGenerator$Run - _ast ('built-in') 
2020-11-23 21:07:06,836 [ 457024]   INFO - letons.PySkeletonGenerator$Run - Updating cache for _ast at '/home/aiperi/.cache/JetBrains/PyCharmEdu2020.2/python_stubs/cache/190807b32617bf03e3be53d24a0531c4a707a1e9d1dd78bf4bf503436e4eaca5' 
2020-11-23 21:07:06,934 [ 457122]   INFO - letons.PySkeletonGenerator$Run - _bisect ('built-in') 
2020-11-23 21:07:06,941 [ 457129]   INFO - letons.PySkeletonGenerator$Run - Updating cache for _bisect at '/home/aiperi/.cache/JetBrains/PyCharmEdu2020.2/python_stubs/cache/190807b32617bf03e3be53d24a0531c4a707a1e9d1dd78bf4bf503436e4eaca5' 
2020-11-23 21:07:07,028 [ 457216]   INFO - letons.PySkeletonGenerator$Run - _blake2 ('built-in') 
2020-11-23 21:07:07,035 [ 457223]   INFO - letons.PySkeletonGenerator$Run - Updating cache for _blake2 at '/home/aiperi/.cache/JetBrains/PyCharmEdu2020.2/python_stubs/cache/190807b32617bf03e3be53d24a0531c4a707a1e9d1dd78bf4bf503436e4eaca5' 
2020-11-23 21:07:07,120 [ 457308]   INFO - letons.PySkeletonGenerator$Run - _codecs ('built-in') 
2020-11-23 21:07:07,128 [ 457316]   INFO - letons.PySkeletonGenerator$Run - Updating cache for _codecs at '/home/aiperi/.cache/JetBrains/PyCharmEdu2020.2/python_stubs/cache/190807b32617bf03e3be53d24a0531c4a707a1e9d1dd78bf4bf503436e4eaca5' 
2020-11-23 21:07:07,214 [ 457402]   INFO - letons.PySkeletonGenerator$Run - _collections ('built-in') 
2020-11-23 21:07:07,237 [ 457425]   INFO - letons.PySkeletonGenerator$Run - Updating cache for _collections at '/home/aiperi/.cache/JetBrains/PyCharmEdu2020.2/python_stubs/cache/190807b32617bf03e3be53d24a0531c4a707a1e9d1dd78bf4bf503436e4eaca5' 
2020-11-23 21:07:07,349 [ 457537]   INFO - letons.PySkeletonGenerator$Run - _csv ('built-in') 
2020-11-23 21:07:07,357 [ 457545]   INFO - letons.PySkeletonGenerator$Run - Updating cache for _csv at '/home/aiperi/.cache/JetBrains/PyCharmEdu2020.2/python_stubs/cache/190807b32617bf03e3be53d24a0531c4a707a1e9d1dd78bf4bf503436e4eaca5' 
2020-11-23 21:07:07,424 [ 457612]   INFO - .diagnostic.PerformanceWatcher - Pushing properties took 17ms; general responsiveness: ok; EDT responsiveness: ok 
2020-11-23 21:07:07,454 [ 457642]   INFO - letons.PySkeletonGenerator$Run - _datetime ('built-in') 
2020-11-23 21:07:07,460 [ 457648]   INFO - letons.PySkeletonGenerator$Run - Updating cache for _datetime at '/home/aiperi/.cache/JetBrains/PyCharmEdu2020.2/python_stubs/cache/190807b32617bf03e3be53d24a0531c4a707a1e9d1dd78bf4bf503436e4eaca5' 
2020-11-23 21:07:07,578 [ 457766]   INFO - letons.PySkeletonGenerator$Run - _elementtree ('built-in') 
2020-11-23 21:07:07,591 [ 457779]   INFO - letons.PySkeletonGenerator$Run - Updating cache for _elementtree at '/home/aiperi/.cache/JetBrains/PyCharmEdu2020.2/python_stubs/cache/190807b32617bf03e3be53d24a0531c4a707a1e9d1dd78bf4bf503436e4eaca5' 
2020-11-23 21:07:07,659 [ 457847]   INFO - letons.PySkeletonGenerator$Run - Processing submodule pyexpat.errors of _elementtree 
2020-11-23 21:07:07,666 [ 457854]   INFO - letons.PySkeletonGenerator$Run - Processing submodule pyexpat.model of _elementtree 
2020-11-23 21:07:07,686 [ 457874]   INFO - letons.PySkeletonGenerator$Run - _functools ('built-in') 
2020-11-23 21:07:07,692 [ 457880]   INFO - letons.PySkeletonGenerator$Run - Updating cache for _functools at '/home/aiperi/.cache/JetBrains/PyCharmEdu2020.2/python_stubs/cache/190807b32617bf03e3be53d24a0531c4a707a1e9d1dd78bf4bf503436e4eaca5' 
2020-11-23 21:07:07,786 [ 457974]   INFO - letons.PySkeletonGenerator$Run - _heapq ('built-in') 
2020-11-23 21:07:07,809 [ 457997]   INFO - letons.PySkeletonGenerator$Run - Updating cache for _heapq at '/home/aiperi/.cache/JetBrains/PyCharmEdu2020.2/python_stubs/cache/190807b32617bf03e3be53d24a0531c4a707a1e9d1dd78bf4bf503436e4eaca5' 
2020-11-23 21:07:07,901 [ 458089]   INFO - letons.PySkeletonGenerator$Run - _imp ('built-in') 
2020-11-23 21:07:07,907 [ 458095]   INFO - letons.PySkeletonGenerator$Run - Updating cache for _imp at '/home/aiperi/.cache/JetBrains/PyCharmEdu2020.2/python_stubs/cache/190807b32617bf03e3be53d24a0531c4a707a1e9d1dd78bf4bf503436e4eaca5' 
2020-11-23 21:07:07,975 [ 458163]   INFO - letons.PySkeletonGenerator$Run - _io ('built-in') 
2020-11-23 21:07:08,003 [ 458191]   INFO - letons.PySkeletonGenerator$Run - Updating cache for _io at '/home/aiperi/.cache/JetBrains/PyCharmEdu2020.2/python_stubs/cache/190807b32617bf03e3be53d24a0531c4a707a1e9d1dd78bf4bf503436e4eaca5' 
2020-11-23 21:07:08,091 [ 458279]   INFO - letons.PySkeletonGenerator$Run - _locale ('built-in') 
2020-11-23 21:07:08,118 [ 458306]   INFO - letons.PySkeletonGenerator$Run - Updating cache for _locale at '/home/aiperi/.cache/JetBrains/PyCharmEdu2020.2/python_stubs/cache/190807b32617bf03e3be53d24a0531c4a707a1e9d1dd78bf4bf503436e4eaca5' 
2020-11-23 21:07:08,196 [ 458384]   INFO - letons.PySkeletonGenerator$Run - _md5 ('built-in') 
2020-11-23 21:07:08,218 [ 458406]   INFO - letons.PySkeletonGenerator$Run - Updating cache for _md5 at '/home/aiperi/.cache/JetBrains/PyCharmEdu2020.2/python_stubs/cache/190807b32617bf03e3be53d24a0531c4a707a1e9d1dd78bf4bf503436e4eaca5' 
2020-11-23 21:07:08,291 [ 458479]   INFO - letons.PySkeletonGenerator$Run - _operator ('built-in') 
2020-11-23 21:07:08,312 [ 458500]   INFO - letons.PySkeletonGenerator$Run - Updating cache for _operator at '/home/aiperi/.cache/JetBrains/PyCharmEdu2020.2/python_stubs/cache/190807b32617bf03e3be53d24a0531c4a707a1e9d1dd78bf4bf503436e4eaca5' 
2020-11-23 21:07:08,401 [ 458589]   INFO - letons.PySkeletonGenerator$Run - _pickle ('built-in') 
2020-11-23 21:07:08,423 [ 458611]   INFO - letons.PySkeletonGenerator$Run - Updating cache for _pickle at '/home/aiperi/.cache/JetBrains/PyCharmEdu2020.2/python_stubs/cache/190807b32617bf03e3be53d24a0531c4a707a1e9d1dd78bf4bf503436e4eaca5' 
2020-11-23 21:07:08,506 [ 458694]   INFO - letons.PySkeletonGenerator$Run - _posixsubprocess ('built-in') 
2020-11-23 21:07:08,527 [ 458715]   INFO - letons.PySkeletonGenerator$Run - Updating cache for _posixsubprocess at '/home/aiperi/.cache/JetBrains/PyCharmEdu2020.2/python_stubs/cache/190807b32617bf03e3be53d24a0531c4a707a1e9d1dd78bf4bf503436e4eaca5' 
2020-11-23 21:07:08,710 [ 458898]   INFO - letons.PySkeletonGenerator$Run - _random ('built-in') 
2020-11-23 21:07:08,731 [ 458919]   INFO - letons.PySkeletonGenerator$Run - Updating cache for _random at '/home/aiperi/.cache/JetBrains/PyCharmEdu2020.2/python_stubs/cache/190807b32617bf03e3be53d24a0531c4a707a1e9d1dd78bf4bf503436e4eaca5' 
2020-11-23 21:07:08,820 [ 459008]   INFO - letons.PySkeletonGenerator$Run - _sha1 ('built-in') 
2020-11-23 21:07:08,846 [ 459034]   INFO - letons.PySkeletonGenerator$Run - Updating cache for _sha1 at '/home/aiperi/.cache/JetBrains/PyCharmEdu2020.2/python_stubs/cache/190807b32617bf03e3be53d24a0531c4a707a1e9d1dd78bf4bf503436e4eaca5' 
2020-11-23 21:07:08,919 [ 459107]   INFO - letons.PySkeletonGenerator$Run - _sha256 ('built-in') 
2020-11-23 21:07:08,946 [ 459134]   INFO - letons.PySkeletonGenerator$Run - Updating cache for _sha256 at '/home/aiperi/.cache/JetBrains/PyCharmEdu2020.2/python_stubs/cache/190807b32617bf03e3be53d24a0531c4a707a1e9d1dd78bf4bf503436e4eaca5' 
2020-11-23 21:07:09,029 [ 459217]   INFO - letons.PySkeletonGenerator$Run - _sha3 ('built-in') 
2020-11-23 21:07:09,051 [ 459239]   INFO - letons.PySkeletonGenerator$Run - Updating cache for _sha3 at '/home/aiperi/.cache/JetBrains/PyCharmEdu2020.2/python_stubs/cache/190807b32617bf03e3be53d24a0531c4a707a1e9d1dd78bf4bf503436e4eaca5' 
2020-11-23 21:07:09,091 [ 459279]   INFO - .diagnostic.PerformanceWatcher - Indexable file iteration took 1667ms; general responsiveness: ok; EDT responsiveness: 0/2 sluggish, 1/2 very slow 
2020-11-23 21:07:09,168 [ 459356]   INFO - letons.PySkeletonGenerator$Run - _sha512 ('built-in') 
2020-11-23 21:07:09,180 [ 459368]   INFO - indexing.UnindexedFilesUpdater - Unindexed files update started: 1722 files to index 
2020-11-23 21:07:09,181 [ 459369]   INFO - indexing.UnindexedFilesUpdater - Using 4 threads for indexing 
2020-11-23 21:07:09,185 [ 459373]   INFO - letons.PySkeletonGenerator$Run - Updating cache for _sha512 at '/home/aiperi/.cache/JetBrains/PyCharmEdu2020.2/python_stubs/cache/190807b32617bf03e3be53d24a0531c4a707a1e9d1dd78bf4bf503436e4eaca5' 
2020-11-23 21:07:09,309 [ 459497]   INFO - letons.PySkeletonGenerator$Run - _signal ('built-in') 
2020-11-23 21:07:09,321 [ 459509]   INFO - letons.PySkeletonGenerator$Run - Updating cache for _signal at '/home/aiperi/.cache/JetBrains/PyCharmEdu2020.2/python_stubs/cache/190807b32617bf03e3be53d24a0531c4a707a1e9d1dd78bf4bf503436e4eaca5' 
2020-11-23 21:07:09,545 [ 459733]   INFO - letons.PySkeletonGenerator$Run - _socket ('built-in') 
2020-11-23 21:07:09,572 [ 459760]   INFO - letons.PySkeletonGenerator$Run - Updating cache for _socket at '/home/aiperi/.cache/JetBrains/PyCharmEdu2020.2/python_stubs/cache/190807b32617bf03e3be53d24a0531c4a707a1e9d1dd78bf4bf503436e4eaca5' 
2020-11-23 21:07:09,736 [ 459924]   INFO - letons.PySkeletonGenerator$Run - _sre ('built-in') 
2020-11-23 21:07:09,763 [ 459951]   INFO - letons.PySkeletonGenerator$Run - Updating cache for _sre at '/home/aiperi/.cache/JetBrains/PyCharmEdu2020.2/python_stubs/cache/190807b32617bf03e3be53d24a0531c4a707a1e9d1dd78bf4bf503436e4eaca5' 
2020-11-23 21:07:09,854 [ 460042]   INFO - letons.PySkeletonGenerator$Run - _stat ('built-in') 
2020-11-23 21:07:09,887 [ 460075]   INFO - letons.PySkeletonGenerator$Run - Updating cache for _stat at '/home/aiperi/.cache/JetBrains/PyCharmEdu2020.2/python_stubs/cache/190807b32617bf03e3be53d24a0531c4a707a1e9d1dd78bf4bf503436e4eaca5' 
2020-11-23 21:07:10,014 [ 460202]   INFO - letons.PySkeletonGenerator$Run - _statistics ('built-in') 
2020-11-23 21:07:10,040 [ 460228]   INFO - letons.PySkeletonGenerator$Run - Updating cache for _statistics at '/home/aiperi/.cache/JetBrains/PyCharmEdu2020.2/python_stubs/cache/190807b32617bf03e3be53d24a0531c4a707a1e9d1dd78bf4bf503436e4eaca5' 
2020-11-23 21:07:10,124 [ 460312]   INFO - letons.PySkeletonGenerator$Run - _string ('built-in') 
2020-11-23 21:07:10,155 [ 460343]   INFO - letons.PySkeletonGenerator$Run - Updating cache for _string at '/home/aiperi/.cache/JetBrains/PyCharmEdu2020.2/python_stubs/cache/190807b32617bf03e3be53d24a0531c4a707a1e9d1dd78bf4bf503436e4eaca5' 
2020-11-23 21:07:10,260 [ 460448]   INFO - letons.PySkeletonGenerator$Run - _struct ('built-in') 
2020-11-23 21:07:10,290 [ 460478]   INFO - letons.PySkeletonGenerator$Run - Updating cache for _struct at '/home/aiperi/.cache/JetBrains/PyCharmEdu2020.2/python_stubs/cache/190807b32617bf03e3be53d24a0531c4a707a1e9d1dd78bf4bf503436e4eaca5' 
2020-11-23 21:07:10,393 [ 460581]   INFO - letons.PySkeletonGenerator$Run - _symtable ('built-in') 
2020-11-23 21:07:10,420 [ 460608]   INFO - letons.PySkeletonGenerator$Run - Updating cache for _symtable at '/home/aiperi/.cache/JetBrains/PyCharmEdu2020.2/python_stubs/cache/190807b32617bf03e3be53d24a0531c4a707a1e9d1dd78bf4bf503436e4eaca5' 
2020-11-23 21:07:10,510 [ 460698]   INFO - letons.PySkeletonGenerator$Run - _thread ('built-in') 
2020-11-23 21:07:10,532 [ 460720]   INFO - letons.PySkeletonGenerator$Run - Updating cache for _thread at '/home/aiperi/.cache/JetBrains/PyCharmEdu2020.2/python_stubs/cache/190807b32617bf03e3be53d24a0531c4a707a1e9d1dd78bf4bf503436e4eaca5' 
2020-11-23 21:07:10,645 [ 460833]   INFO - letons.PySkeletonGenerator$Run - _tracemalloc ('built-in') 
2020-11-23 21:07:10,667 [ 460855]   INFO - letons.PySkeletonGenerator$Run - Updating cache for _tracemalloc at '/home/aiperi/.cache/JetBrains/PyCharmEdu2020.2/python_stubs/cache/190807b32617bf03e3be53d24a0531c4a707a1e9d1dd78bf4bf503436e4eaca5' 
2020-11-23 21:07:10,770 [ 460958]   INFO - letons.PySkeletonGenerator$Run - _warnings ('built-in') 
2020-11-23 21:07:10,792 [ 460980]   INFO - letons.PySkeletonGenerator$Run - Updating cache for _warnings at '/home/aiperi/.cache/JetBrains/PyCharmEdu2020.2/python_stubs/cache/190807b32617bf03e3be53d24a0531c4a707a1e9d1dd78bf4bf503436e4eaca5' 
2020-11-23 21:07:10,907 [ 461095]   INFO - letons.PySkeletonGenerator$Run - _weakref ('built-in') 
2020-11-23 21:07:10,933 [ 461121]   INFO - letons.PySkeletonGenerator$Run - Updating cache for _weakref at '/home/aiperi/.cache/JetBrains/PyCharmEdu2020.2/python_stubs/cache/190807b32617bf03e3be53d24a0531c4a707a1e9d1dd78bf4bf503436e4eaca5' 
2020-11-23 21:07:11,052 [ 461240]   INFO - letons.PySkeletonGenerator$Run - array ('built-in') 
2020-11-23 21:07:11,073 [ 461261]   INFO - letons.PySkeletonGenerator$Run - Updating cache for array at '/home/aiperi/.cache/JetBrains/PyCharmEdu2020.2/python_stubs/cache/190807b32617bf03e3be53d24a0531c4a707a1e9d1dd78bf4bf503436e4eaca5' 
2020-11-23 21:07:11,177 [ 461365]   INFO - letons.PySkeletonGenerator$Run - atexit ('built-in') 
2020-11-23 21:07:11,199 [ 461387]   INFO - letons.PySkeletonGenerator$Run - Updating cache for atexit at '/home/aiperi/.cache/JetBrains/PyCharmEdu2020.2/python_stubs/cache/190807b32617bf03e3be53d24a0531c4a707a1e9d1dd78bf4bf503436e4eaca5' 
2020-11-23 21:07:11,317 [ 461505]   INFO - letons.PySkeletonGenerator$Run - binascii ('built-in') 
2020-11-23 21:07:11,339 [ 461527]   INFO - letons.PySkeletonGenerator$Run - Updating cache for binascii at '/home/aiperi/.cache/JetBrains/PyCharmEdu2020.2/python_stubs/cache/190807b32617bf03e3be53d24a0531c4a707a1e9d1dd78bf4bf503436e4eaca5' 
2020-11-23 21:07:11,439 [ 461627]   INFO - letons.PySkeletonGenerator$Run - builtins ('built-in') 
2020-11-23 21:07:11,461 [ 461649]   INFO - letons.PySkeletonGenerator$Run - Updating cache for builtins at '/home/aiperi/.cache/JetBrains/PyCharmEdu2020.2/python_stubs/cache/190807b32617bf03e3be53d24a0531c4a707a1e9d1dd78bf4bf503436e4eaca5' 
2020-11-23 21:07:11,768 [ 461956]   INFO - letons.PySkeletonGenerator$Run - cmath ('built-in') 
2020-11-23 21:07:11,790 [ 461978]   INFO - letons.PySkeletonGenerator$Run - Updating cache for cmath at '/home/aiperi/.cache/JetBrains/PyCharmEdu2020.2/python_stubs/cache/190807b32617bf03e3be53d24a0531c4a707a1e9d1dd78bf4bf503436e4eaca5' 
2020-11-23 21:07:11,906 [ 462094]   INFO - letons.PySkeletonGenerator$Run - errno ('built-in') 
2020-11-23 21:07:11,928 [ 462116]   INFO - letons.PySkeletonGenerator$Run - Updating cache for errno at '/home/aiperi/.cache/JetBrains/PyCharmEdu2020.2/python_stubs/cache/190807b32617bf03e3be53d24a0531c4a707a1e9d1dd78bf4bf503436e4eaca5' 
2020-11-23 21:07:12,051 [ 462239]   INFO - letons.PySkeletonGenerator$Run - faulthandler ('built-in') 
2020-11-23 21:07:12,073 [ 462261]   INFO - letons.PySkeletonGenerator$Run - Updating cache for faulthandler at '/home/aiperi/.cache/JetBrains/PyCharmEdu2020.2/python_stubs/cache/190807b32617bf03e3be53d24a0531c4a707a1e9d1dd78bf4bf503436e4eaca5' 
2020-11-23 21:07:12,334 [ 462522]   INFO - letons.PySkeletonGenerator$Run - fcntl ('built-in') 
2020-11-23 21:07:12,355 [ 462543]   INFO - letons.PySkeletonGenerator$Run - Updating cache for fcntl at '/home/aiperi/.cache/JetBrains/PyCharmEdu2020.2/python_stubs/cache/190807b32617bf03e3be53d24a0531c4a707a1e9d1dd78bf4bf503436e4eaca5' 
2020-11-23 21:07:12,479 [ 462667]   INFO - letons.PySkeletonGenerator$Run - gc ('built-in') 
2020-11-23 21:07:12,501 [ 462689]   INFO - letons.PySkeletonGenerator$Run - Updating cache for gc at '/home/aiperi/.cache/JetBrains/PyCharmEdu2020.2/python_stubs/cache/190807b32617bf03e3be53d24a0531c4a707a1e9d1dd78bf4bf503436e4eaca5' 
2020-11-23 21:07:12,604 [ 462792]   INFO - letons.PySkeletonGenerator$Run - grp ('built-in') 
2020-11-23 21:07:12,625 [ 462813]   INFO - letons.PySkeletonGenerator$Run - Updating cache for grp at '/home/aiperi/.cache/JetBrains/PyCharmEdu2020.2/python_stubs/cache/190807b32617bf03e3be53d24a0531c4a707a1e9d1dd78bf4bf503436e4eaca5' 
2020-11-23 21:07:12,744 [ 462932]   INFO - letons.PySkeletonGenerator$Run - itertools ('built-in') 
2020-11-23 21:07:12,770 [ 462958]   INFO - letons.PySkeletonGenerator$Run - Updating cache for itertools at '/home/aiperi/.cache/JetBrains/PyCharmEdu2020.2/python_stubs/cache/190807b32617bf03e3be53d24a0531c4a707a1e9d1dd78bf4bf503436e4eaca5' 
2020-11-23 21:07:12,884 [ 463072]   INFO - letons.PySkeletonGenerator$Run - marshal ('built-in') 
2020-11-23 21:07:12,905 [ 463093]   INFO - letons.PySkeletonGenerator$Run - Updating cache for marshal at '/home/aiperi/.cache/JetBrains/PyCharmEdu2020.2/python_stubs/cache/190807b32617bf03e3be53d24a0531c4a707a1e9d1dd78bf4bf503436e4eaca5' 
2020-11-23 21:07:13,059 [ 463247]   INFO - letons.PySkeletonGenerator$Run - math ('built-in') 
2020-11-23 21:07:13,081 [ 463269]   INFO - letons.PySkeletonGenerator$Run - Updating cache for math at '/home/aiperi/.cache/JetBrains/PyCharmEdu2020.2/python_stubs/cache/190807b32617bf03e3be53d24a0531c4a707a1e9d1dd78bf4bf503436e4eaca5' 
2020-11-23 21:07:13,195 [ 463383]   INFO - letons.PySkeletonGenerator$Run - posix ('built-in') 
2020-11-23 21:07:13,216 [ 463404]   INFO - letons.PySkeletonGenerator$Run - Updating cache for posix at '/home/aiperi/.cache/JetBrains/PyCharmEdu2020.2/python_stubs/cache/190807b32617bf03e3be53d24a0531c4a707a1e9d1dd78bf4bf503436e4eaca5' 
2020-11-23 21:07:13,395 [ 463583]   INFO - letons.PySkeletonGenerator$Run - pwd ('built-in') 
2020-11-23 21:07:13,421 [ 463609]   INFO - letons.PySkeletonGenerator$Run - Updating cache for pwd at '/home/aiperi/.cache/JetBrains/PyCharmEdu2020.2/python_stubs/cache/190807b32617bf03e3be53d24a0531c4a707a1e9d1dd78bf4bf503436e4eaca5' 
2020-11-23 21:07:13,606 [ 463794]   INFO - letons.PySkeletonGenerator$Run - pyexpat ('built-in') 
2020-11-23 21:07:13,638 [ 463826]   INFO - letons.PySkeletonGenerator$Run - Updating cache for pyexpat at '/home/aiperi/.cache/JetBrains/PyCharmEdu2020.2/python_stubs/cache/190807b32617bf03e3be53d24a0531c4a707a1e9d1dd78bf4bf503436e4eaca5' 
2020-11-23 21:07:13,813 [ 464001]   INFO - letons.PySkeletonGenerator$Run - Processing submodule pyexpat.errors of pyexpat 
2020-11-23 21:07:13,870 [ 464058]   INFO - letons.PySkeletonGenerator$Run - Processing submodule pyexpat.model of pyexpat 
2020-11-23 21:07:13,932 [ 464120]   INFO - letons.PySkeletonGenerator$Run - select ('built-in') 
2020-11-23 21:07:13,954 [ 464142]   INFO - letons.PySkeletonGenerator$Run - Updating cache for select at '/home/aiperi/.cache/JetBrains/PyCharmEdu2020.2/python_stubs/cache/190807b32617bf03e3be53d24a0531c4a707a1e9d1dd78bf4bf503436e4eaca5' 
2020-11-23 21:07:14,052 [ 464240]   INFO - letons.PySkeletonGenerator$Run - spwd ('built-in') 
2020-11-23 21:07:14,084 [ 464272]   INFO - letons.PySkeletonGenerator$Run - Updating cache for spwd at '/home/aiperi/.cache/JetBrains/PyCharmEdu2020.2/python_stubs/cache/190807b32617bf03e3be53d24a0531c4a707a1e9d1dd78bf4bf503436e4eaca5' 
2020-11-23 21:07:14,643 [ 464831]   INFO - letons.PySkeletonGenerator$Run - sys ('built-in') 
2020-11-23 21:07:14,664 [ 464852]   INFO - letons.PySkeletonGenerator$Run - Updating cache for sys at '/home/aiperi/.cache/JetBrains/PyCharmEdu2020.2/python_stubs/cache/190807b32617bf03e3be53d24a0531c4a707a1e9d1dd78bf4bf503436e4eaca5' 
2020-11-23 21:07:14,793 [ 464981]   INFO - letons.PySkeletonGenerator$Run - syslog ('built-in') 
2020-11-23 21:07:14,815 [ 465003]   INFO - letons.PySkeletonGenerator$Run - Updating cache for syslog at '/home/aiperi/.cache/JetBrains/PyCharmEdu2020.2/python_stubs/cache/190807b32617bf03e3be53d24a0531c4a707a1e9d1dd78bf4bf503436e4eaca5' 
2020-11-23 21:07:14,937 [ 465125]   INFO - letons.PySkeletonGenerator$Run - time ('built-in') 
2020-11-23 21:07:14,969 [ 465157]   INFO - letons.PySkeletonGenerator$Run - Updating cache for time at '/home/aiperi/.cache/JetBrains/PyCharmEdu2020.2/python_stubs/cache/190807b32617bf03e3be53d24a0531c4a707a1e9d1dd78bf4bf503436e4eaca5' 
2020-11-23 21:07:15,135 [ 465323]   INFO - letons.PySkeletonGenerator$Run - unicodedata ('built-in') 
2020-11-23 21:07:15,166 [ 465354]   INFO - letons.PySkeletonGenerator$Run - Updating cache for unicodedata at '/home/aiperi/.cache/JetBrains/PyCharmEdu2020.2/python_stubs/cache/190807b32617bf03e3be53d24a0531c4a707a1e9d1dd78bf4bf503436e4eaca5' 
2020-11-23 21:07:15,329 [ 465517]   INFO - letons.PySkeletonGenerator$Run - xxsubtype ('built-in') 
2020-11-23 21:07:15,351 [ 465539]   INFO - letons.PySkeletonGenerator$Run - Updating cache for xxsubtype at '/home/aiperi/.cache/JetBrains/PyCharmEdu2020.2/python_stubs/cache/190807b32617bf03e3be53d24a0531c4a707a1e9d1dd78bf4bf503436e4eaca5' 
2020-11-23 21:07:15,520 [ 465708]   INFO - letons.PySkeletonGenerator$Run - zlib ('built-in') 
2020-11-23 21:07:15,543 [ 465731]   INFO - letons.PySkeletonGenerator$Run - Updating cache for zlib at '/home/aiperi/.cache/JetBrains/PyCharmEdu2020.2/python_stubs/cache/190807b32617bf03e3be53d24a0531c4a707a1e9d1dd78bf4bf503436e4eaca5' 
2020-11-23 21:07:15,765 [ 465953]   INFO - letons.PySkeletonGenerator$Run - _asyncio ('/usr/lib/python3.8/lib-dynload/_asyncio.cpython-38-x86_64-linux-gnu.so') 
2020-11-23 21:07:15,771 [ 465959]   INFO - letons.PySkeletonGenerator$Run - Updating cache for _asyncio at '/home/aiperi/.cache/JetBrains/PyCharmEdu2020.2/python_stubs/cache/609a463855c808916dff4234fecec36673d4d65505caea882b708db9a041d766' 
2020-11-23 21:07:15,940 [ 466128]   INFO - letons.PySkeletonGenerator$Run - Processing submodule typing.io of _asyncio 
2020-11-23 21:07:15,946 [ 466134]   INFO - letons.PySkeletonGenerator$Run - Processing submodule typing.re of _asyncio 
2020-11-23 21:07:15,948 [ 466136]   INFO - letons.PySkeletonGenerator$Run - _bz2 ('/usr/lib/python3.8/lib-dynload/_bz2.cpython-38-x86_64-linux-gnu.so') 
2020-11-23 21:07:15,954 [ 466142]   INFO - letons.PySkeletonGenerator$Run - Updating cache for _bz2 at '/home/aiperi/.cache/JetBrains/PyCharmEdu2020.2/python_stubs/cache/0f678cfb0d8528b2eb4503fc8125e0bec865a7cf191cf8c9ab2fab19c7f57941' 
2020-11-23 21:07:16,170 [ 466358]   INFO - letons.PySkeletonGenerator$Run - _codecs_cn ('/usr/lib/python3.8/lib-dynload/_codecs_cn.cpython-38-x86_64-linux-gnu.so') 
2020-11-23 21:07:16,170 [ 466358]   INFO - letons.PySkeletonGenerator$Run - Updating cache for _codecs_cn at '/home/aiperi/.cache/JetBrains/PyCharmEdu2020.2/python_stubs/cache/6206109e3b70ca48911cf70730830c3e2eb863896f06082bf46c9e0abf50fc5d' 
2020-11-23 21:07:16,242 [ 466430]   INFO - letons.PySkeletonGenerator$Run - _codecs_hk ('/usr/lib/python3.8/lib-dynload/_codecs_hk.cpython-38-x86_64-linux-gnu.so') 
2020-11-23 21:07:16,249 [ 466437]   INFO - letons.PySkeletonGenerator$Run - Updating cache for _codecs_hk at '/home/aiperi/.cache/JetBrains/PyCharmEdu2020.2/python_stubs/cache/708d9111124731998b555866f3d72d5bc68bcc3ff5feb5c8b4f8e83aa1c7e245' 
2020-11-23 21:07:16,325 [ 466513]   INFO - letons.PySkeletonGenerator$Run - _codecs_iso2022 ('/usr/lib/python3.8/lib-dynload/_codecs_iso2022.cpython-38-x86_64-linux-gnu.so') 
2020-11-23 21:07:16,331 [ 466519]   INFO - letons.PySkeletonGenerator$Run - Updating cache for _codecs_iso2022 at '/home/aiperi/.cache/JetBrains/PyCharmEdu2020.2/python_stubs/cache/4f7dcb54c095de482170afa922e7d85d7b47a0a767d8687b6a96b07fb680747f' 
2020-11-23 21:07:16,406 [ 466594]   INFO - letons.PySkeletonGenerator$Run - _codecs_jp ('/usr/lib/python3.8/lib-dynload/_codecs_jp.cpython-38-x86_64-linux-gnu.so') 
2020-11-23 21:07:16,406 [ 466594]   INFO - letons.PySkeletonGenerator$Run - Updating cache for _codecs_jp at '/home/aiperi/.cache/JetBrains/PyCharmEdu2020.2/python_stubs/cache/6b7c4e82a67ce2b814ead7dbd5d6c7d88f13798777e65c7b065856b1d321f76c' 
2020-11-23 21:07:16,485 [ 466673]   INFO - letons.PySkeletonGenerator$Run - _codecs_kr ('/usr/lib/python3.8/lib-dynload/_codecs_kr.cpython-38-x86_64-linux-gnu.so') 
2020-11-23 21:07:16,485 [ 466673]   INFO - letons.PySkeletonGenerator$Run - Updating cache for _codecs_kr at '/home/aiperi/.cache/JetBrains/PyCharmEdu2020.2/python_stubs/cache/af5527de6b108b6cd3fd624374b390070565990ada5db6a7af6ca6b65067991c' 
2020-11-23 21:07:16,564 [ 466752]   INFO - letons.PySkeletonGenerator$Run - _codecs_tw ('/usr/lib/python3.8/lib-dynload/_codecs_tw.cpython-38-x86_64-linux-gnu.so') 
2020-11-23 21:07:16,571 [ 466759]   INFO - letons.PySkeletonGenerator$Run - Updating cache for _codecs_tw at '/home/aiperi/.cache/JetBrains/PyCharmEdu2020.2/python_stubs/cache/4162db6ab3fb8b893b1b98ca6d733780b06f14c4acf3e50e1c3dea30f13522d1' 
2020-11-23 21:07:16,639 [ 466827]   INFO - letons.PySkeletonGenerator$Run - _contextvars ('/usr/lib/python3.8/lib-dynload/_contextvars.cpython-38-x86_64-linux-gnu.so') 
2020-11-23 21:07:16,645 [ 466833]   INFO - letons.PySkeletonGenerator$Run - Updating cache for _contextvars at '/home/aiperi/.cache/JetBrains/PyCharmEdu2020.2/python_stubs/cache/50a61df5ec86a7b380c557896d0aa573dce739cf003977a28351b598a5ceb785' 
2020-11-23 21:07:16,732 [ 466920]   INFO - letons.PySkeletonGenerator$Run - _crypt ('/usr/lib/python3.8/lib-dynload/_crypt.cpython-38-x86_64-linux-gnu.so') 
2020-11-23 21:07:16,738 [ 466926]   INFO - letons.PySkeletonGenerator$Run - Updating cache for _crypt at '/home/aiperi/.cache/JetBrains/PyCharmEdu2020.2/python_stubs/cache/3318533731c21942fdbddf29c1e355e1290813b08d4d8d5a641ae0e3761d99b6' 
2020-11-23 21:07:16,851 [ 467039]   INFO - letons.PySkeletonGenerator$Run - _ctypes ('/usr/lib/python3.8/lib-dynload/_ctypes.cpython-38-x86_64-linux-gnu.so') 
2020-11-23 21:07:16,851 [ 467039]   INFO - letons.PySkeletonGenerator$Run - Updating cache for _ctypes at '/home/aiperi/.cache/JetBrains/PyCharmEdu2020.2/python_stubs/cache/322db3b7a4108a7cf33c25730b4f535d49ed419e743c2a7216c4f35570388c27' 
2020-11-23 21:07:16,945 [ 467133]   INFO - letons.PySkeletonGenerator$Run - _ctypes_test ('/usr/lib/python3.8/lib-dynload/_ctypes_test.cpython-38-x86_64-linux-gnu.so') 
2020-11-23 21:07:16,951 [ 467139]   INFO - letons.PySkeletonGenerator$Run - Updating cache for _ctypes_test at '/home/aiperi/.cache/JetBrains/PyCharmEdu2020.2/python_stubs/cache/4332ce94ddf2c3f2502bcbed07f3f8588ca2b99678f0394faf41a00bcde669f7' 
2020-11-23 21:07:17,046 [ 467234]   INFO - letons.PySkeletonGenerator$Run - _curses ('/usr/lib/python3.8/lib-dynload/_curses.cpython-38-x86_64-linux-gnu.so') 
2020-11-23 21:07:17,058 [ 467246]   INFO - letons.PySkeletonGenerator$Run - Updating cache for _curses at '/home/aiperi/.cache/JetBrains/PyCharmEdu2020.2/python_stubs/cache/76fccc2aab8728dc0de8430a5cb91de6e8b71efc70ff2f5244f3d2a7473cb357' 
2020-11-23 21:07:17,292 [ 467480]   INFO - letons.PySkeletonGenerator$Run - _curses_panel ('/usr/lib/python3.8/lib-dynload/_curses_panel.cpython-38-x86_64-linux-gnu.so') 
2020-11-23 21:07:17,292 [ 467480]   INFO - letons.PySkeletonGenerator$Run - Updating cache for _curses_panel at '/home/aiperi/.cache/JetBrains/PyCharmEdu2020.2/python_stubs/cache/216f2259ccb21ded6a3e6e37fb73ab7a0e2547b0ab8d4a8c60696f68a7fa64d1' 
2020-11-23 21:07:17,427 [ 467615]   INFO - letons.PySkeletonGenerator$Run - _dbm ('/usr/lib/python3.8/lib-dynload/_dbm.cpython-38-x86_64-linux-gnu.so') 
2020-11-23 21:07:17,428 [ 467616]   INFO - letons.PySkeletonGenerator$Run - Updating cache for _dbm at '/home/aiperi/.cache/JetBrains/PyCharmEdu2020.2/python_stubs/cache/75f7e5e9d30fd54d36523ff96d733b5b923eeb2cbb138ab6528dd62be318f7a3' 
2020-11-23 21:07:17,556 [ 467744]   INFO - letons.PySkeletonGenerator$Run - _decimal ('/usr/lib/python3.8/lib-dynload/_decimal.cpython-38-x86_64-linux-gnu.so') 
2020-11-23 21:07:17,562 [ 467750]   INFO - letons.PySkeletonGenerator$Run - Updating cache for _decimal at '/home/aiperi/.cache/JetBrains/PyCharmEdu2020.2/python_stubs/cache/01c4173d254159d25713343f9e854e76b45852e3bd4a79fa365404c5b7763db8' 
2020-11-23 21:07:17,681 [ 467869]   INFO - letons.PySkeletonGenerator$Run - _gdbm ('/usr/lib/python3.8/lib-dynload/_gdbm.cpython-38-x86_64-linux-gnu.so') 
2020-11-23 21:07:17,681 [ 467869]   INFO - letons.PySkeletonGenerator$Run - Updating cache for _gdbm at '/home/aiperi/.cache/JetBrains/PyCharmEdu2020.2/python_stubs/cache/a63102333233b13f0ca6e6779689c1c7b4da46ced43c05be1ae10b1ffd178d45' 
2020-11-23 21:07:17,840 [ 468028]   INFO - letons.PySkeletonGenerator$Run - _hashlib ('/usr/lib/python3.8/lib-dynload/_hashlib.cpython-38-x86_64-linux-gnu.so') 
2020-11-23 21:07:17,846 [ 468034]   INFO - letons.PySkeletonGenerator$Run - Updating cache for _hashlib at '/home/aiperi/.cache/JetBrains/PyCharmEdu2020.2/python_stubs/cache/4a5caf87034845f2fccc2a81c64845489f189d71cdd5cddbf254fcd65c499f31' 
2020-11-23 21:07:17,922 [ 468110]   INFO - letons.PySkeletonGenerator$Run - _json ('/usr/lib/python3.8/lib-dynload/_json.cpython-38-x86_64-linux-gnu.so') 
2020-11-23 21:07:17,924 [ 468112]   INFO - letons.PySkeletonGenerator$Run - Updating cache for _json at '/home/aiperi/.cache/JetBrains/PyCharmEdu2020.2/python_stubs/cache/d1b838fd3d204871b9e6b6113015f06ee65046e91642810d4d3db7f6b83d1084' 
2020-11-23 21:07:17,971 [ 468159]   INFO - .diagnostic.PerformanceWatcher - Unindexed files update took 8791ms; general responsiveness: ok; EDT responsiveness: ok 
2020-11-23 21:07:17,975 [ 468163]   INFO - g.FileBasedIndexProjectHandler - Reindexing refreshed files: 378 to update, calculated in 2ms 
2020-11-23 21:07:17,975 [ 468163]   INFO - g.FileBasedIndexProjectHandler - Using 4 threads for indexing 
2020-11-23 21:07:18,017 [ 468205]   INFO - letons.PySkeletonGenerator$Run - _lsprof ('/usr/lib/python3.8/lib-dynload/_lsprof.cpython-38-x86_64-linux-gnu.so') 
2020-11-23 21:07:18,023 [ 468211]   INFO - letons.PySkeletonGenerator$Run - Updating cache for _lsprof at '/home/aiperi/.cache/JetBrains/PyCharmEdu2020.2/python_stubs/cache/cd9059f3e8858c9446b52ce58587ad203e5063da17755f687fae40f20b5f2dd9' 
2020-11-23 21:07:18,111 [ 468299]   INFO - letons.PySkeletonGenerator$Run - _lzma ('/usr/lib/python3.8/lib-dynload/_lzma.cpython-38-x86_64-linux-gnu.so') 
2020-11-23 21:07:18,123 [ 468311]   INFO - letons.PySkeletonGenerator$Run - Updating cache for _lzma at '/home/aiperi/.cache/JetBrains/PyCharmEdu2020.2/python_stubs/cache/8306af0a4cfe9296ddccb9eef865515f7ddba35cacaec144d63fa872c14241bd' 
2020-11-23 21:07:18,220 [ 468408]   INFO - letons.PySkeletonGenerator$Run - _multibytecodec ('/usr/lib/python3.8/lib-dynload/_multibytecodec.cpython-38-x86_64-linux-gnu.so') 
2020-11-23 21:07:18,227 [ 468415]   INFO - letons.PySkeletonGenerator$Run - Updating cache for _multibytecodec at '/home/aiperi/.cache/JetBrains/PyCharmEdu2020.2/python_stubs/cache/35eb13d191a670cef2354ed36891d7f872ca06099b718400e807e9ff495d81d5' 
2020-11-23 21:07:18,321 [ 468509]   INFO - letons.PySkeletonGenerator$Run - _multiprocessing ('/usr/lib/python3.8/lib-dynload/_multiprocessing.cpython-38-x86_64-linux-gnu.so') 
2020-11-23 21:07:18,322 [ 468510]   INFO - letons.PySkeletonGenerator$Run - Updating cache for _multiprocessing at '/home/aiperi/.cache/JetBrains/PyCharmEdu2020.2/python_stubs/cache/b7babffae48738459c02d6c3d30f054ec2c5237813a46061fe8ad9b28190082a' 
2020-11-23 21:07:18,395 [ 468583]   INFO - letons.PySkeletonGenerator$Run - _opcode ('/usr/lib/python3.8/lib-dynload/_opcode.cpython-38-x86_64-linux-gnu.so') 
2020-11-23 21:07:18,396 [ 468584]   INFO - letons.PySkeletonGenerator$Run - Updating cache for _opcode at '/home/aiperi/.cache/JetBrains/PyCharmEdu2020.2/python_stubs/cache/cb9b8d050527b1e17a728360260f482173608394de4368f8e0e4703793faa2b3' 
2020-11-23 21:07:18,479 [ 468667]   INFO - letons.PySkeletonGenerator$Run - _posixshmem ('/usr/lib/python3.8/lib-dynload/_posixshmem.cpython-38-x86_64-linux-gnu.so') 
2020-11-23 21:07:18,485 [ 468673]   INFO - letons.PySkeletonGenerator$Run - Updating cache for _posixshmem at '/home/aiperi/.cache/JetBrains/PyCharmEdu2020.2/python_stubs/cache/b42bad4f6c753a19d815254ebee287f1bfa747679e6542754e9a2192f03950ee' 
2020-11-23 21:07:18,573 [ 468761]   INFO - letons.PySkeletonGenerator$Run - _queue ('/usr/lib/python3.8/lib-dynload/_queue.cpython-38-x86_64-linux-gnu.so') 
2020-11-23 21:07:18,579 [ 468767]   INFO - letons.PySkeletonGenerator$Run - Updating cache for _queue at '/home/aiperi/.cache/JetBrains/PyCharmEdu2020.2/python_stubs/cache/27a73617c1f3d8268cb712448dc3a9c8b43143741e3c1ad1e61c937ffdc3efaf' 
2020-11-23 21:07:18,664 [ 468852]   INFO - letons.PySkeletonGenerator$Run - _sqlite3 ('/usr/lib/python3.8/lib-dynload/_sqlite3.cpython-38-x86_64-linux-gnu.so') 
2020-11-23 21:07:18,664 [ 468852]   INFO - letons.PySkeletonGenerator$Run - Updating cache for _sqlite3 at '/home/aiperi/.cache/JetBrains/PyCharmEdu2020.2/python_stubs/cache/f352cdb9fcece92ef45333fef2d05754ae0b10e65a503cb0518c9837166212c4' 
2020-11-23 21:07:18,786 [ 468974]   INFO - .diagnostic.PerformanceWatcher - Reindexing refreshed files took 811ms; general responsiveness: ok; EDT responsiveness: ok 
2020-11-23 21:07:18,787 [ 468975]   INFO - g.FileBasedIndexProjectHandler - Reindexing refreshed files: 0 to update, calculated in 0ms 
2020-11-23 21:07:18,821 [ 469009]   INFO - letons.PySkeletonGenerator$Run - _ssl ('/usr/lib/python3.8/lib-dynload/_ssl.cpython-38-x86_64-linux-gnu.so') 
2020-11-23 21:07:18,822 [ 469010]   INFO - letons.PySkeletonGenerator$Run - Updating cache for _ssl at '/home/aiperi/.cache/JetBrains/PyCharmEdu2020.2/python_stubs/cache/f46f03885aed63afff5b7acbaa0327d14df329ed8a8048f1b95910473f5329e0' 
2020-11-23 21:07:19,027 [ 469215]   INFO - letons.PySkeletonGenerator$Run - _testbuffer ('/usr/lib/python3.8/lib-dynload/_testbuffer.cpython-38-x86_64-linux-gnu.so') 
2020-11-23 21:07:19,028 [ 469216]   INFO - letons.PySkeletonGenerator$Run - Updating cache for _testbuffer at '/home/aiperi/.cache/JetBrains/PyCharmEdu2020.2/python_stubs/cache/404e85df1246f0d6559cea5df0ea2a96c7807b2c4aa3775da8e17cfb0601d010' 
2020-11-23 21:07:19,095 [ 469283]   INFO - letons.PySkeletonGenerator$Run - _testcapi ('/usr/lib/python3.8/lib-dynload/_testcapi.cpython-38-x86_64-linux-gnu.so') 
2020-11-23 21:07:19,102 [ 469290]   INFO - letons.PySkeletonGenerator$Run - Updating cache for _testcapi at '/home/aiperi/.cache/JetBrains/PyCharmEdu2020.2/python_stubs/cache/f91a19216b7c891de6009950373d715e53a9e4f1252351a9eef2942e7575d3b0' 
2020-11-23 21:07:19,190 [ 469378]   INFO - letons.PySkeletonGenerator$Run - _testimportmultiple ('/usr/lib/python3.8/lib-dynload/_testimportmultiple.cpython-38-x86_64-linux-gnu.so') 
2020-11-23 21:07:19,190 [ 469378]   INFO - letons.PySkeletonGenerator$Run - Updating cache for _testimportmultiple at '/home/aiperi/.cache/JetBrains/PyCharmEdu2020.2/python_stubs/cache/c06e545655d523b745eaae6810d25cb456e3f0b8f992453f0543991fa705f9b7' 
2020-11-23 21:07:19,252 [ 469440]   INFO - letons.PySkeletonGenerator$Run - _testinternalcapi ('/usr/lib/python3.8/lib-dynload/_testinternalcapi.cpython-38-x86_64-linux-gnu.so') 
2020-11-23 21:07:19,253 [ 469441]   INFO - letons.PySkeletonGenerator$Run - Updating cache for _testinternalcapi at '/home/aiperi/.cache/JetBrains/PyCharmEdu2020.2/python_stubs/cache/e364204696d9b3d29681d8ac65fc10a262e8e8c7e6f859d781cc4e3487bd2c7f' 
2020-11-23 21:07:19,316 [ 469504]   INFO - letons.PySkeletonGenerator$Run - _testmultiphase ('/usr/lib/python3.8/lib-dynload/_testmultiphase.cpython-38-x86_64-linux-gnu.so') 
2020-11-23 21:07:19,322 [ 469510]   INFO - letons.PySkeletonGenerator$Run - Updating cache for _testmultiphase at '/home/aiperi/.cache/JetBrains/PyCharmEdu2020.2/python_stubs/cache/79ccb505a25c4fa9b3118c18be26d643f3f8c04eb06da435d653cd650c8106fa' 
2020-11-23 21:07:19,390 [ 469578]   INFO - letons.PySkeletonGenerator$Run - _uuid ('/usr/lib/python3.8/lib-dynload/_uuid.cpython-38-x86_64-linux-gnu.so') 
2020-11-23 21:07:19,396 [ 469584]   INFO - letons.PySkeletonGenerator$Run - Updating cache for _uuid at '/home/aiperi/.cache/JetBrains/PyCharmEdu2020.2/python_stubs/cache/86a3593f3f6e641afe5904bab61a3a483e60e9ff64f4b31e5a88a3a5c52ca7ec' 
2020-11-23 21:07:19,479 [ 469667]   INFO - letons.PySkeletonGenerator$Run - _xxsubinterpreters ('/usr/lib/python3.8/lib-dynload/_xxsubinterpreters.cpython-38-x86_64-linux-gnu.so') 
2020-11-23 21:07:19,479 [ 469667]   INFO - letons.PySkeletonGenerator$Run - Updating cache for _xxsubinterpreters at '/home/aiperi/.cache/JetBrains/PyCharmEdu2020.2/python_stubs/cache/0a107d71343cbcd45bbe86530f56c6300a22b4896beb22cc4f5e8bf2e2ba2b32' 
2020-11-23 21:07:19,563 [ 469751]   INFO - letons.PySkeletonGenerator$Run - _xxtestfuzz ('/usr/lib/python3.8/lib-dynload/_xxtestfuzz.cpython-38-x86_64-linux-gnu.so') 
2020-11-23 21:07:19,563 [ 469751]   INFO - letons.PySkeletonGenerator$Run - Updating cache for _xxtestfuzz at '/home/aiperi/.cache/JetBrains/PyCharmEdu2020.2/python_stubs/cache/df6e6a8d292ffd415b652b15e3c0457e26e2c4169586e4c614a7587f05625f7a' 
2020-11-23 21:07:19,626 [ 469814]   INFO - letons.PySkeletonGenerator$Run - audioop ('/usr/lib/python3.8/lib-dynload/audioop.cpython-38-x86_64-linux-gnu.so') 
2020-11-23 21:07:19,632 [ 469820]   INFO - letons.PySkeletonGenerator$Run - Updating cache for audioop at '/home/aiperi/.cache/JetBrains/PyCharmEdu2020.2/python_stubs/cache/dc936d0c017b70feeb245d868507c1695af132b9f2252a1559cb2570460e5930' 
2020-11-23 21:07:19,700 [ 469888]   INFO - letons.PySkeletonGenerator$Run - mmap ('/usr/lib/python3.8/lib-dynload/mmap.cpython-38-x86_64-linux-gnu.so') 
2020-11-23 21:07:19,706 [ 469894]   INFO - letons.PySkeletonGenerator$Run - Updating cache for mmap at '/home/aiperi/.cache/JetBrains/PyCharmEdu2020.2/python_stubs/cache/3578202c8bdb79b629763121543af5c9ebe75c28a15dc21485d6ff4712da4a54' 
2020-11-23 21:07:19,769 [ 469957]   INFO - letons.PySkeletonGenerator$Run - nis ('/usr/lib/python3.8/lib-dynload/nis.cpython-38-x86_64-linux-gnu.so') 
2020-11-23 21:07:19,775 [ 469963]   INFO - letons.PySkeletonGenerator$Run - Updating cache for nis at '/home/aiperi/.cache/JetBrains/PyCharmEdu2020.2/python_stubs/cache/83e6438146707a04f59b32e3fff504960da522faf0126f89533858472c16f82a' 
2020-11-23 21:07:19,838 [ 470026]   INFO - letons.PySkeletonGenerator$Run - ossaudiodev ('/usr/lib/python3.8/lib-dynload/ossaudiodev.cpython-38-x86_64-linux-gnu.so') 
2020-11-23 21:07:19,844 [ 470032]   INFO - letons.PySkeletonGenerator$Run - Updating cache for ossaudiodev at '/home/aiperi/.cache/JetBrains/PyCharmEdu2020.2/python_stubs/cache/c3a8f0c6a1d22088d66a246b83c468848f181cd4a33c51ea25a2973cd59a3e19' 
2020-11-23 21:07:19,907 [ 470095]   INFO - letons.PySkeletonGenerator$Run - parser ('/usr/lib/python3.8/lib-dynload/parser.cpython-38-x86_64-linux-gnu.so') 
2020-11-23 21:07:19,908 [ 470096]   INFO - letons.PySkeletonGenerator$Run - Updating cache for parser at '/home/aiperi/.cache/JetBrains/PyCharmEdu2020.2/python_stubs/cache/31ca818052118f9a900742e1677e6d5a4fe92a2f488e054a068ed641271c7c99' 
2020-11-23 21:07:19,976 [ 470164]   INFO - letons.PySkeletonGenerator$Run - readline ('/usr/lib/python3.8/lib-dynload/readline.cpython-38-x86_64-linux-gnu.so') 
2020-11-23 21:07:19,982 [ 470170]   INFO - letons.PySkeletonGenerator$Run - Updating cache for readline at '/home/aiperi/.cache/JetBrains/PyCharmEdu2020.2/python_stubs/cache/c5439644bf75cc668f5e4ee0574ef722c5a7824e26e83d96f7b06df677db3749' 
2020-11-23 21:07:20,101 [ 470289]   INFO - letons.PySkeletonGenerator$Run - resource ('/usr/lib/python3.8/lib-dynload/resource.cpython-38-x86_64-linux-gnu.so') 
2020-11-23 21:07:20,101 [ 470289]   INFO - letons.PySkeletonGenerator$Run - Updating cache for resource at '/home/aiperi/.cache/JetBrains/PyCharmEdu2020.2/python_stubs/cache/144e0bcb5b58e27291177b2725f523c85edad70beee4a5452bfdde65349a0fa7' 
2020-11-23 21:07:20,164 [ 470352]   INFO - letons.PySkeletonGenerator$Run - termios ('/usr/lib/python3.8/lib-dynload/termios.cpython-38-x86_64-linux-gnu.so') 
2020-11-23 21:07:20,170 [ 470358]   INFO - letons.PySkeletonGenerator$Run - Updating cache for termios at '/home/aiperi/.cache/JetBrains/PyCharmEdu2020.2/python_stubs/cache/ec0b9488580e533bc211931b859f66e4369fa857545e3191ba29b80cfd343853' 
2020-11-23 21:07:20,233 [ 470421]   INFO - letons.PySkeletonGenerator$Run - xxlimited ('/usr/lib/python3.8/lib-dynload/xxlimited.cpython-38-x86_64-linux-gnu.so') 
2020-11-23 21:07:20,239 [ 470427]   INFO - letons.PySkeletonGenerator$Run - Updating cache for xxlimited at '/home/aiperi/.cache/JetBrains/PyCharmEdu2020.2/python_stubs/cache/d44990af1c2bebb940879a5fea2d926dde81273f531f4ed451b865eec63b6f58' 
2020-11-23 21:07:20,315 [ 470503]   INFO - .skeletons.PySkeletonRefresher - Rebuilding skeletons for binaries took 14076 ms 
2020-11-23 21:07:20,353 [ 470541]   INFO - ns.python.sdk.PythonSdkUpdater - Performing background scan of packages for SDK Python 3.8 (pythonProject) (/home/aiperi/PycharmProjects/pythonProject/venv/bin/python) 
2020-11-23 21:07:20,354 [ 470542]   INFO - packaging.PyPackageManagerImpl - Running packaging tool: /home/aiperi/PycharmProjects/pythonProject/venv/bin/python /home/aiperi/pycharm-edu-2020.2.3/plugins/python-ce/helpers/packaging_tool.py list 
2020-11-23 21:07:20,374 [ 470562]   INFO - g.FileBasedIndexProjectHandler - Reindexing refreshed files: 109 to update, calculated in 17ms 
2020-11-23 21:07:20,374 [ 470562]   INFO - g.FileBasedIndexProjectHandler - Using 4 threads for indexing 
2020-11-23 21:07:20,863 [ 471051]   INFO - .diagnostic.PerformanceWatcher - Reindexing refreshed files took 489ms; general responsiveness: ok; EDT responsiveness: ok 
2020-11-23 21:07:20,864 [ 471052]   INFO - g.FileBasedIndexProjectHandler - Reindexing refreshed files: 0 to update, calculated in 1ms 
2020-11-23 21:07:34,917 [ 485105]   INFO - rationStore.ComponentStoreImpl - Saving appFeatureUsageStatistics took 44 ms, NotRoamableUiSettings took 12 ms 
2020-11-23 21:07:35,548 [ 485736]   INFO - rationStore.ComponentStoreImpl - Saving Module: 'pythonProject'ExternalFacetManager took 24 ms 
2020-11-23 21:07:35,784 [ 485972]   INFO - mponents.impl.stores.StoreUtil - saveProjectsAndApp took 1005 ms 
2020-11-23 21:08:09,949 [ 520137]   INFO - oader.EventLogExternalUploader - Started external process for uploading event log 
2020-11-23 21:08:09,989 [ 520177]   INFO - rationStore.ComponentStoreImpl - Saving appHyperskillSettings took 15 ms 
2020-11-23 21:08:10,633 [ 520821]   INFO - rationStore.ComponentStoreImpl - Saving Project(name=pythonProject, containerState=ACTIVE, componentStore=/home/aiperi/PycharmProjects/pythonProject)ExternalProjectsData took 25 ms, ProjectView took 12 ms, ProjectViewState took 14 ms, Vcs.Log.Tabs.Properties took 14 ms, XDebuggerManager took 143 ms 
2020-11-23 21:08:11,207 [ 521395]   INFO - stubs.SerializationManagerImpl - Start shutting down /home/aiperi/.cache/JetBrains/PyCharmEdu2020.2/index/.persistent/prebuilt/Python/sdk-stubs.names 
2020-11-23 21:08:11,207 [ 521395]   INFO - stubs.SerializationManagerImpl - Finished shutting down /home/aiperi/.cache/JetBrains/PyCharmEdu2020.2/index/.persistent/prebuilt/Python/sdk-stubs.names 
2020-11-23 21:08:11,224 [ 521412]   INFO - .impl.FileTypeDetectionService - 179 auto-detected files. Detection took 1366 ms 
2020-11-23 21:08:11,235 [ 521423]   INFO - pl.local.NativeFileWatcherImpl - Watcher terminated with exit code 0 
2020-11-23 21:08:11,269 [ 521457]   INFO - org.jetbrains.io.BuiltInServer - web server stopped 
2020-11-23 21:08:11,274 [ 521462]   INFO - il.indexing.FileBasedIndexImpl - START INDEX SHUTDOWN 
2020-11-23 21:08:11,297 [ 521485]   INFO - tellij.psi.stubs.StubIndexImpl - StubIndexExtension-s were unloaded 
2020-11-23 21:08:11,352 [ 521540]   INFO - il.indexing.FileBasedIndexImpl - END INDEX SHUTDOWN 
2020-11-23 21:08:11,353 [ 521541]   INFO - newvfs.persistent.PersistentFS - VFS dispose started 
2020-11-23 21:08:11,355 [ 521543]   INFO - newvfs.persistent.PersistentFS - VFS dispose completed 
2020-11-23 21:08:11,355 [ 521543]   INFO - stubs.SerializationManagerImpl - Start shutting down /home/aiperi/.cache/JetBrains/PyCharmEdu2020.2/index/rep.names 
2020-11-23 21:08:11,355 [ 521543]   INFO - stubs.SerializationManagerImpl - Finished shutting down /home/aiperi/.cache/JetBrains/PyCharmEdu2020.2/index/rep.names 
2020-11-23 21:08:11,358 [ 521546]   INFO -        #com.intellij.idea.Main - ------------------------------------------------------ IDE SHUTDOWN ------------------------------------------------------ 
2020-11-23 21:08:11,361 [ 521549]   INFO - org.jetbrains.io.BuiltInServer - web server stopped 
